1692167313134	geckodriver	INFO	Listening on 127.0.0.1:63681
1692167313444	mozrunner::runner	INFO	Running command: MOZ_CRASHREPORTER="1" MOZ_CRASHREPORTER_NO_REPORT="1" MOZ_CRASHREPORTER_SHUTDOWN="1" MOZ_NO_REMOTE="1" "/App ... s" "localhost" "-foreground" "-no-remote" "-profile" "/var/folders/81/kll011gx2_n488rj8_jk9f2r0000gn/T/rust_mozprofilebuvzzK"
console.warn: services.settings: Ignoring preference override of remote settings server
console.warn: services.settings: Allow by setting MOZ_REMOTE_SETTINGS_DEVTOOLS=1 in the environment
1692167314331	Marionette	INFO	Marionette enabled
console.error: "Warning: unrecognized command line flag" "-remote-allow-hosts"
1692167314565	Marionette	INFO	Listening on port 63714
WebDriver BiDi listening on ws://127.0.0.1:63682
Read port: 63714
1692167314786	RemoteAgent	WARN	TLS certificate errors will be ignored for this session
UNSUPPORTED (log once): POSSIBLE ISSUE: unit 1 GLD_TEXTURE_INDEX_2D is unloadable and bound to sampler type (Float) - using zero texture because texture unloadable
DevTools listening on ws://127.0.0.1:63682/devtools/browser/853e8885-2b52-4f6c-bf48-3f9d2b730dea
1692167317852	Marionette	INFO	Stopped listening on port 63714
JavaScript warning: https://www.google.com/, line 20: Script terminated by timeout at:
m@https://www.google.com/:20:226

1692167337571	geckodriver	INFO	Listening on 127.0.0.1:63760
1692167338093	mozrunner::runner	INFO	Running command: MOZ_CRASHREPORTER="1" MOZ_CRASHREPORTER_NO_REPORT="1" MOZ_CRASHREPORTER_SHUTDOWN="1" MOZ_NO_REMOTE="1" "/App ... s" "localhost" "-foreground" "-no-remote" "-profile" "/var/folders/81/kll011gx2_n488rj8_jk9f2r0000gn/T/rust_mozprofileplwUXd"
console.warn: services.settings: Ignoring preference override of remote settings server
console.warn: services.settings: Allow by setting MOZ_REMOTE_SETTINGS_DEVTOOLS=1 in the environment
1692167338513	Marionette	INFO	Marionette enabled
console.error: "Warning: unrecognized command line flag" "-remote-allow-hosts"
1692167338657	Marionette	INFO	Listening on port 63768
Read port: 63768
WebDriver BiDi listening on ws://127.0.0.1:63761
1692167338823	RemoteAgent	WARN	TLS certificate errors will be ignored for this session
UNSUPPORTED (log once): POSSIBLE ISSUE: unit 1 GLD_TEXTURE_INDEX_2D is unloadable and bound to sampler type (Float) - using zero texture because texture unloadable
DevTools listening on ws://127.0.0.1:63761/devtools/browser/c20e9b72-c6a9-4d39-9df3-1926b480a506
1692167341320	Marionette	INFO	Stopped listening on port 63768
1692185631841	geckodriver	INFO	Listening on 127.0.0.1:49495
1692185632363	mozrunner::runner	INFO	Running command: MOZ_CRASHREPORTER="1" MOZ_CRASHREPORTER_NO_REPORT="1" MOZ_CRASHREPORTER_SHUTDOWN="1" MOZ_NO_REMOTE="1" "/App ... s" "localhost" "-foreground" "-no-remote" "-profile" "/var/folders/81/kll011gx2_n488rj8_jk9f2r0000gn/T/rust_mozprofileuYtQOY"
console.warn: services.settings: Ignoring preference override of remote settings server
console.warn: services.settings: Allow by setting MOZ_REMOTE_SETTINGS_DEVTOOLS=1 in the environment
1692185632962	Marionette	INFO	Marionette enabled
console.error: "Warning: unrecognized command line flag" "-remote-allow-hosts"
1692185633174	Marionette	INFO	Listening on port 49503
WebDriver BiDi listening on ws://127.0.0.1:49496
Read port: 49503
1692185633288	RemoteAgent	WARN	TLS certificate errors will be ignored for this session
UNSUPPORTED (log once): POSSIBLE ISSUE: unit 1 GLD_TEXTURE_INDEX_2D is unloadable and bound to sampler type (Float) - using zero texture because texture unloadable
DevTools listening on ws://127.0.0.1:49496/devtools/browser/b2377bed-f381-49ac-b9d6-01fb79e16554
1692185636151	Marionette	INFO	Stopped listening on port 49503
JavaScript warning: https://www.google.com/xjs/_/js/k=xjs.s.ko.j4AGi4f0UF8.O/am=CAAAAAAAAAAQAIBoIBwCsAEMEAAAAgAAEABAAQAAAAAYRABgACB4lEkaAAIChBAYADFwA4ASSgAAAAAACPsBAAAAgIA4AAIAACgEgAEhoAAEAAAAQB4AgAcADCYsAAAAAAAAAAAAgIBLEAwuSAAEBEAAAAAAAAAAAACAVDJ5MQAB/d=1/ed=1/dg=2/rs=ACT90oGXv4sSWouM3Wml9K4lIaxcsEFOfQ/ee=cEt90b:ws9Tlc;qddgKe:x4FYXe,d7YSfd;yxTchf:KUM7Z;dtl0hd:lLQWFe;eHDfl:ofjVkb;qaS3gd:yiLg6e;nAFL3:NTMZac,s39S4;oGtAuc:sOXFj;iFQyKf:vfuNJf,QIhFr;SNUn3:ZwDk9d,x8cHvb;io8t5d:sgY6Zb;Oj465e:KG2eXe,KG2eXe;Erl4fe:FloWmf,FloWmf;JsbNhc:Xd8iUd;sP4Vbe:VwDzFe;kMFpHd:OTA3Ae;uY49fb:COQbmf;Pjplud:PoEs9b,EEDORb;QGR0gd:Mlhmy;a56pNe:JEfCwb;Me32dd:MEeYgc;wR5FRb:TtcOte,O1Gjze;pXdRYb:JKoKVe,MdUzUe;dIoSBb:ZgGg9b;EmZ2Bf:zr1jrb;NSEoX:lazG7b;eBAeSb:Ck63tb;WCEKNd:I46Hvd;wV5Pjc:L8KGxe;EVNhjf:pw70Gc;sTsDMc:kHVSUb;wQlYve:aLUfP;zOsCQe:Ko78Df;KcokUb:KiuZBf;YV5bee:IvPZ6d;kbAm9d:MkHyGd;ZWEUA:afR4Cf;g8nkx:U4MzKc;lzgfYb:PI40bd;ESrPQc:mNTJvc;qavrXe:zQzcXe,mYbt1d;w9w86d:dt4g2b;GleZL:J1A7Od;bcPXSc:gSZLJb;JXS8fb:Qj0suc;IoGlCf:b5lhvb;vfVwPd:OXTqFb;VGRfx:VFqbr;BjwMce:cXX2Wb;pNsl2d:j9Yuyc;R9Ulx:CR7Ufe;kY7VAf:d91TEb;KpRAue:Tia57b;jY0zg:Q6tNgc;l8Azde:j4Ca9b;oSUNyd:fTfGO,fTfGO,vjQg0b;SMDL4c:fTfGO,vjQg0b;aZ61od:arTwJ;ZrFutb:W4Cdfc;K8vqCc:MyIcle;NPKaK:SdcwHb;LBgRLc:XVMNvd,SdcwHb;rQSrae:C6D5Fc;kCQyJ:ueyPK;KQzWid:mB4wNe;EABSZ:MXZt9d;TxfV6d:YORN0b;UDrY1c:eps46d;F9mqte:UoRcbe;Nyt6ic:jn2sGd;w3bZCb:ZPGaIb;G0KhTb:LIaoZ;aAJE9c:WHW6Ef;V2HTTe:RolTY;Wfmdue:g3MJlb;imqimf:jKGL2e;BgS6mb:fidj5d;UVmjEd:EesRsb;z97YGf:oug9te;AfeaP:TkrAjf;eBZ5Nd:audvde;CxXAWb:YyRLvc;VN6jIc:ddQyuf;SLtqO:Kh1xYe;tosKvd:ZCqP3;VOcgDe:YquhTb;uuQkY:u2V3ud;WDGyFe:jcVOxd;trZL0b:qY8PFe;VxQ32b:k0XsBb;DULqB:RKfG5c;Np8Qkd:Dpx6qc;cFTWae:gT8qnd;gaub4:TN6bMe;xBbsrc:NEW1Qc;DpcR3d:zL72xf;hjRo6e:F62sG;yGxLoc:FmAr0c;oUlnpc:RagDlc;R2kc8b:ALJqWb;pj82le:mg5CW;dLlj2:Qqt3Gf;qGV2uc:HHi04c;gtVSi:ekUOYd;UyG7Kb:wQd0G;LsNahb:ucGLNb;xbe2wc:wbTLEd;Q1Ow7b:x5CSu;okUaUd:wItadb;G6wU6e:hezEbd;uknmt:GkPrzb;PqHfGe:im2cZe;Fmv9Nc:O1Tzwc;hK67qb:QWEO5b;BMxAGc:E5bFse;R4IIIb:QWfeKf;whEZac:F4AmNb;tH4IIe:Ymry6;zxnPse:GkRiKb;xqZiqf:wmnU7d;lkq0A:Z0MWEf;daB6be:lMxGPd;U96pRd:FsR04;LEikZe:byfTOb,lsjVmc/m=cdos,cr,hsm,jsa,mb4ZUb,d,csi,cEt90b,SNUn3,qddgKe,sTsDMc,dtl0hd,eHDfl, line 400: Script terminated by timeout at:
_.Qk@https://www.google.com/xjs/_/js/k=xjs.s.ko.j4AGi4f0UF8.O/am=CAAAAAAAAAAQAIBoIBwCsAEMEAAAAgAAEABAAQAAAAAYRABgACB4lEkaAAIChBAYADFwA4ASSgAAAAAACPsBAAAAgIA4AAIAACgEgAEhoAAEAAAAQB4AgAcADCYsAAAAAAAAAAAAgIBLEAwuSAAEBEAAAAAAAAAAAACAVDJ5MQAB/d=1/ed=1/dg=2/rs=ACT90oGXv4sSWouM3Wml9K4lIaxcsEFOfQ/ee=cEt90b:ws9Tlc;qddgKe:x4FYXe,d7YSfd;yxTchf:KUM7Z;dtl0hd:lLQWFe;eHDfl:ofjVkb;qaS3gd:yiLg6e;nAFL3:NTMZac,s39S4;oGtAuc:sOXFj;iFQyKf:vfuNJf,QIhFr;SNUn3:ZwDk9d,x8cHvb;io8t5d:sgY6Zb;Oj465e:KG2eXe,KG2eXe;Erl4fe:FloWmf,FloWmf;JsbNhc:Xd8iUd;sP4Vbe:VwDzFe;kMFpHd:OTA3Ae;uY49fb:COQbmf;Pjplud:PoEs9b,EEDORb;QGR0gd:Mlhmy;a56pNe:JEfCwb;Me32dd:MEeYgc;wR5FRb:TtcOte,O1Gjze;pXdRYb:JKoKVe,MdUzUe;dIoSBb:ZgGg9b;EmZ2Bf:zr1jrb;NSEoX:lazG7b;eBAeSb:Ck63tb;WCEKNd:I46Hvd;wV5Pjc:L8KGxe;EVNhjf:pw70Gc;sTsDMc:kHVSUb;wQlYve:aLUfP;zOsCQe:Ko78Df;KcokUb:KiuZBf;YV5bee:IvPZ6d;kbAm9d:MkHyGd;ZWEUA:afR4Cf;g8nkx:U4MzKc;lzgfYb:PI40bd;ESrPQc:mNTJvc;qavrXe:zQzcXe,mYbt1d;w9w86d:dt4g2b;GleZL:J1A7Od;bcPXSc:gSZLJb;JXS8fb:Qj0suc;IoGlCf:b5lhvb;vfVwPd:OXTqFb;VGRfx:VFqbr;BjwMce:cXX2Wb;pNsl2d:j9Yuyc;R9Ulx:CR7Ufe;kY7VAf:d91TEb;KpRAue:Tia57b;jY0zg:Q6tNgc;l8Azde:j4Ca9b;oSUNyd:fTfGO,fTfGO,vjQg0b;SMDL4c:fTfGO,vjQg0b;aZ61od:arTwJ;ZrFutb:W4Cdfc;K8vqCc:MyIcle;NPKaK:SdcwHb;LBgRLc:XVMNvd,SdcwHb;rQSrae:C6D5Fc;kCQyJ:ueyPK;KQzWid:mB4wNe;EABSZ:MXZt9d;TxfV6d:YORN0b;UDrY1c:eps46d;F9mqte:UoRcbe;Nyt6ic:jn2sGd;w3bZCb:ZPGaIb;G0KhTb:LIaoZ;aAJE9c:WHW6Ef;V2HTTe:RolTY;Wfmdue:g3MJlb;imqimf:jKGL2e;BgS6mb:fidj5d;UVmjEd:EesRsb;z97YGf:oug9te;AfeaP:TkrAjf;eBZ5Nd:audvde;CxXAWb:YyRLvc;VN6jIc:ddQyuf;SLtqO:Kh1xYe;tosKvd:ZCqP3;VOcgDe:YquhTb;uuQkY:u2V3ud;WDGyFe:jcVOxd;trZL0b:qY8PFe;VxQ32b:k0XsBb;DULqB:RKfG5c;Np8Qkd:Dpx6qc;cFTWae:gT8qnd;gaub4:TN6bMe;xBbsrc:NEW1Qc;DpcR3d:zL72xf;hjRo6e:F62sG;yGxLoc:FmAr0c;oUlnpc:RagDlc;R2kc8b:ALJqWb;pj82le:mg5CW;dLlj2:Qqt3Gf;qGV2uc:HHi04c;gtVSi:ekUOYd;UyG7Kb:wQd0G;LsNahb:ucGLNb;xbe2wc:wbTLEd;Q1Ow7b:x5CSu;okUaUd:wItadb;G6wU6e:hezEbd;uknmt:GkPrzb;PqHfGe:im2cZe;Fmv9Nc:O1Tzwc;hK67qb:QWEO5b;BMxAGc:E5bFse;R4IIIb:QWfeKf;whEZac:F4AmNb;tH4IIe:Ymry6;zxnPse:GkRiKb;xqZiqf:wmnU7d;lkq0A:Z0MWEf;daB6be:lMxGPd;U96pRd:FsR04;LEikZe:byfTOb,lsjVmc/m=cdos,cr,hsm,jsa,mb4ZUb,d,csi,cEt90b,SNUn3,qddgKe,sTsDMc,dtl0hd,eHDfl:400:459
_.Uk@https://www.google.com/xjs/_/js/k=xjs.s.ko.j4AGi4f0UF8.O/am=CAAAAAAAAAAQAIBoIBwCsAEMEAAAAgAAEABAAQAAAAAYRABgACB4lEkaAAIChBAYADFwA4ASSgAAAAAACPsBAAAAgIA4AAIAACgEgAEhoAAEAAAAQB4AgAcADCYsAAAAAAAAAAAAgIBLEAwuSAAEBEAAAAAAAAAAAACAVDJ5MQAB/d=1/ed=1/dg=2/rs=ACT90oGXv4sSWouM3Wml9K4lIaxcsEFOfQ/ee=cEt90b:ws9Tlc;qddgKe:x4FYXe,d7YSfd;yxTchf:KUM7Z;dtl0hd:lLQWFe;eHDfl:ofjVkb;qaS3gd:yiLg6e;nAFL3:NTMZac,s39S4;oGtAuc:sOXFj;iFQyKf:vfuNJf,QIhFr;SNUn3:ZwDk9d,x8cHvb;io8t5d:sgY6Zb;Oj465e:KG2eXe,KG2eXe;Erl4fe:FloWmf,FloWmf;JsbNhc:Xd8iUd;sP4Vbe:VwDzFe;kMFpHd:OTA3Ae;uY49fb:COQbmf;Pjplud:PoEs9b,EEDORb;QGR0gd:Mlhmy;a56pNe:JEfCwb;Me32dd:MEeYgc;wR5FRb:TtcOte,O1Gjze;pXdRYb:JKoKVe,MdUzUe;dIoSBb:ZgGg9b;EmZ2Bf:zr1jrb;NSEoX:lazG7b;eBAeSb:Ck63tb;WCEKNd:I46Hvd;wV5Pjc:L8KGxe;EVNhjf:pw70Gc;sTsDMc:kHVSUb;wQlYve:aLUfP;zOsCQe:Ko78Df;KcokUb:KiuZBf;YV5bee:IvPZ6d;kbAm9d:MkHyGd;ZWEUA:afR4Cf;g8nkx:U4MzKc;lzgfYb:PI40bd;ESrPQc:mNTJvc;qavrXe:zQzcXe,mYbt1d;w9w86d:dt4g2b;GleZL:J1A7Od;bcPXSc:gSZLJb;JXS8fb:Qj0suc;IoGlCf:b5lhvb;vfVwPd:OXTqFb;VGRfx:VFqbr;BjwMce:cXX2Wb;pNsl2d:j9Yuyc;R9Ulx:CR7Ufe;kY7VAf:d91TEb;KpRAue:Tia57b;jY0zg:Q6tNgc;l8Azde:j4Ca9b;oSUNyd:fTfGO,fTfGO,vjQg0b;SMDL4c:fTfGO,vjQg0b;aZ61od:arTwJ;ZrFutb:W4Cdfc;K8vqCc:MyIcle;NPKaK:SdcwHb;LBgRLc:XVMNvd,SdcwHb;rQSrae:C6D5Fc;kCQyJ:ueyPK;KQzWid:mB4wNe;EABSZ:MXZt9d;TxfV6d:YORN0b;UDrY1c:eps46d;F9mqte:UoRcbe;Nyt6ic:jn2sGd;w3bZCb:ZPGaIb;G0KhTb:LIaoZ;aAJE9c:WHW6Ef;V2HTTe:RolTY;Wfmdue:g3MJlb;imqimf:jKGL2e;BgS6mb:fidj5d;UVmjEd:EesRsb;z97YGf:oug9te;AfeaP:TkrAjf;eBZ5Nd:audvde;CxXAWb:YyRLvc;VN6jIc:ddQyuf;SLtqO:Kh1xYe;tosKvd:ZCqP3;VOcgDe:YquhTb;uuQkY:u2V3ud;WDGyFe:jcVOxd;trZL0b:qY8PFe;VxQ32b:k0XsBb;DULqB:RKfG5c;Np8Qkd:Dpx6qc;cFTWae:gT8qnd;gaub4:TN6bMe;xBbsrc:NEW1Qc;DpcR3d:zL72xf;hjRo6e:F62sG;yGxLoc:FmAr0c;oUlnpc:RagDlc;R2kc8b:ALJqWb;pj82le:mg5CW;dLlj2:Qqt3Gf;qGV2uc:HHi04c;gtVSi:ekUOYd;UyG7Kb:wQd0G;LsNahb:ucGLNb;xbe2wc:wbTLEd;Q1Ow7b:x5CSu;okUaUd:wItadb;G6wU6e:hezEbd;uknmt:GkPrzb;PqHfGe:im2cZe;Fmv9Nc:O1Tzwc;hK67qb:QWEO5b;BMxAGc:E5bFse;R4IIIb:QWfeKf;whEZac:F4AmNb;tH4IIe:Ymry6;zxnPse:GkRiKb;xqZiqf:wmnU7d;lkq0A:Z0MWEf;daB6be:lMxGPd;U96pRd:FsR04;LEikZe:byfTOb,lsjVmc/m=cdos,cr,hsm,jsa,mb4ZUb,d,csi,cEt90b,SNUn3,qddgKe,sTsDMc,dtl0hd,eHDfl:405:1034
Eta@https://www.google.com/xjs/_/js/k=xjs.s.ko.j4AGi4f0UF8.O/am=CAAAAAAAAAAQAIBoIBwCsAEMEAAAAgAAEABAAQAAAAAYRABgACB4lEkaAAIChBAYADFwA4ASSgAAAAAACPsBAAAAgIA4AAIAACgEgAEhoAAEAAAAQB4AgAcADCYsAAAAAAAAAAAAgIBLEAwuSAAEBEAAAAAAAAAAAACAVDJ5MQAB/d=1/ed=1/dg=2/rs=ACT90oGXv4sSWouM3Wml9K4lIaxcsEFOfQ/ee=cEt90b:ws9Tlc;qddgKe:x4FYXe,d7YSfd;yxTchf:KUM7Z;dtl0hd:lLQWFe;eHDfl:ofjVkb;qaS3gd:yiLg6e;nAFL3:NTMZac,s39S4;oGtAuc:sOXFj;iFQyKf:vfuNJf,QIhFr;SNUn3:ZwDk9d,x8cHvb;io8t5d:sgY6Zb;Oj465e:KG2eXe,KG2eXe;Erl4fe:FloWmf,FloWmf;JsbNhc:Xd8iUd;sP4Vbe:VwDzFe;kMFpHd:OTA3Ae;uY49fb:COQbmf;Pjplud:PoEs9b,EEDORb;QGR0gd:Mlhmy;a56pNe:JEfCwb;Me32dd:MEeYgc;wR5FRb:TtcOte,O1Gjze;pXdRYb:JKoKVe,MdUzUe;dIoSBb:ZgGg9b;EmZ2Bf:zr1jrb;NSEoX:lazG7b;eBAeSb:Ck63tb;WCEKNd:I46Hvd;wV5Pjc:L8KGxe;EVNhjf:pw70Gc;sTsDMc:kHVSUb;wQlYve:aLUfP;zOsCQe:Ko78Df;KcokUb:KiuZBf;YV5bee:IvPZ6d;kbAm9d:MkHyGd;ZWEUA:afR4Cf;g8nkx:U4MzKc;lzgfYb:PI40bd;ESrPQc:mNTJvc;qavrXe:zQzcXe,mYbt1d;w9w86d:dt4g2b;GleZL:J1A7Od;bcPXSc:gSZLJb;JXS8fb:Qj0suc;IoGlCf:b5lhvb;vfVwPd:OXTqFb;VGRfx:VFqbr;BjwMce:cXX2Wb;pNsl2d:j9Yuyc;R9Ulx:CR7Ufe;kY7VAf:d91TEb;KpRAue:Tia57b;jY0zg:Q6tNgc;l8Azde:j4Ca9b;oSUNyd:fTfGO,fTfGO,vjQg0b;SMDL4c:fTfGO,vjQg0b;aZ61od:arTwJ;ZrFutb:W4Cdfc;K8vqCc:MyIcle;NPKaK:SdcwHb;LBgRLc:XVMNvd,SdcwHb;rQSrae:C6D5Fc;kCQyJ:ueyPK;KQzWid:mB4wNe;EABSZ:MXZt9d;TxfV6d:YORN0b;UDrY1c:eps46d;F9mqte:UoRcbe;Nyt6ic:jn2sGd;w3bZCb:ZPGaIb;G0KhTb:LIaoZ;aAJE9c:WHW6Ef;V2HTTe:RolTY;Wfmdue:g3MJlb;imqimf:jKGL2e;BgS6mb:fidj5d;UVmjEd:EesRsb;z97YGf:oug9te;AfeaP:TkrAjf;eBZ5Nd:audvde;CxXAWb:YyRLvc;VN6jIc:ddQyuf;SLtqO:Kh1xYe;tosKvd:ZCqP3;VOcgDe:YquhTb;uuQkY:u2V3ud;WDGyFe:jcVOxd;trZL0b:qY8PFe;VxQ32b:k0XsBb;DULqB:RKfG5c;Np8Qkd:Dpx6qc;cFTWae:gT8qnd;gaub4:TN6bMe;xBbsrc:NEW1Qc;DpcR3d:zL72xf;hjRo6e:F62sG;yGxLoc:FmAr0c;oUlnpc:RagDlc;R2kc8b:ALJqWb;pj82le:mg5CW;dLlj2:Qqt3Gf;qGV2uc:HHi04c;gtVSi:ekUOYd;UyG7Kb:wQd0G;LsNahb:ucGLNb;xbe2wc:wbTLEd;Q1Ow7b:x5CSu;okUaUd:wItadb;G6wU6e:hezEbd;uknmt:GkPrzb;PqHfGe:im2cZe;Fmv9Nc:O1Tzwc;hK67qb:QWEO5b;BMxAGc:E5bFse;R4IIIb:QWfeKf;whEZac:F4AmNb;tH4IIe:Ymry6;zxnPse:GkRiKb;xqZiqf:wmnU7d;lkq0A:Z0MWEf;daB6be:lMxGPd;U96pRd:FsR04;LEikZe:byfTOb,lsjVmc/m=cdos,cr,hsm,jsa,mb4ZUb,d,csi,cEt90b,SNUn3,qddgKe,sTsDMc,dtl0hd,eHDfl:417:347
b@https://www.google.com/xjs/_/js/k=xjs.s.ko.j4AGi4f0UF8.O/am=CAAAAAAAAAAQAIBoIBwCsAEMEAAAAgAAEABAAQAAAAAYRABgACB4lEkaAAIChBAYADFwA4ASSgAAAAAACPsBAAAAgIA4AAIAACgEgAEhoAAEAAAAQB4AgAcADCYsAAAAAAAAAAAAgIBLEAwuSAAEBEAAAAAAAAAAAACAVDJ5MQAB/d=1/ed=1/dg=2/rs=ACT90oGXv4sSWouM3Wml9K4lIaxcsEFOfQ/ee=cEt90b:ws9Tlc;qddgKe:x4FYXe,d7YSfd;yxTchf:KUM7Z;dtl0hd:lLQWFe;eHDfl:ofjVkb;qaS3gd:yiLg6e;nAFL3:NTMZac,s39S4;oGtAuc:sOXFj;iFQyKf:vfuNJf,QIhFr;SNUn3:ZwDk9d,x8cHvb;io8t5d:sgY6Zb;Oj465e:KG2eXe,KG2eXe;Erl4fe:FloWmf,FloWmf;JsbNhc:Xd8iUd;sP4Vbe:VwDzFe;kMFpHd:OTA3Ae;uY49fb:COQbmf;Pjplud:PoEs9b,EEDORb;QGR0gd:Mlhmy;a56pNe:JEfCwb;Me32dd:MEeYgc;wR5FRb:TtcOte,O1Gjze;pXdRYb:JKoKVe,MdUzUe;dIoSBb:ZgGg9b;EmZ2Bf:zr1jrb;NSEoX:lazG7b;eBAeSb:Ck63tb;WCEKNd:I46Hvd;wV5Pjc:L8KGxe;EVNhjf:pw70Gc;sTsDMc:kHVSUb;wQlYve:aLUfP;zOsCQe:Ko78Df;KcokUb:KiuZBf;YV5bee:IvPZ6d;kbAm9d:MkHyGd;ZWEUA:afR4Cf;g8nkx:U4MzKc;lzgfYb:PI40bd;ESrPQc:mNTJvc;qavrXe:zQzcXe,mYbt1d;w9w86d:dt4g2b;GleZL:J1A7Od;bcPXSc:gSZLJb;JXS8fb:Qj0suc;IoGlCf:b5lhvb;vfVwPd:OXTqFb;VGRfx:VFqbr;BjwMce:cXX2Wb;pNsl2d:j9Yuyc;R9Ulx:CR7Ufe;kY7VAf:d91TEb;KpRAue:Tia57b;jY0zg:Q6tNgc;l8Azde:j4Ca9b;oSUNyd:fTfGO,fTfGO,vjQg0b;SMDL4c:fTfGO,vjQg0b;aZ61od:arTwJ;ZrFutb:W4Cdfc;K8vqCc:MyIcle;NPKaK:SdcwHb;LBgRLc:XVMNvd,SdcwHb;rQSrae:C6D5Fc;kCQyJ:ueyPK;KQzWid:mB4wNe;EABSZ:MXZt9d;TxfV6d:YORN0b;UDrY1c:eps46d;F9mqte:UoRcbe;Nyt6ic:jn2sGd;w3bZCb:ZPGaIb;G0KhTb:LIaoZ;aAJE9c:WHW6Ef;V2HTTe:RolTY;Wfmdue:g3MJlb;imqimf:jKGL2e;BgS6mb:fidj5d;UVmjEd:EesRsb;z97YGf:oug9te;AfeaP:TkrAjf;eBZ5Nd:audvde;CxXAWb:YyRLvc;VN6jIc:ddQyuf;SLtqO:Kh1xYe;tosKvd:ZCqP3;VOcgDe:YquhTb;uuQkY:u2V3ud;WDGyFe:jcVOxd;trZL0b:qY8PFe;VxQ32b:k0XsBb;DULqB:RKfG5c;Np8Qkd:Dpx6qc;cFTWae:gT8qnd;gaub4:TN6bMe;xBbsrc:NEW1Qc;DpcR3d:zL72xf;hjRo6e:F62sG;yGxLoc:FmAr0c;oUlnpc:RagDlc;R2kc8b:ALJqWb;pj82le:mg5CW;dLlj2:Qqt3Gf;qGV2uc:HHi04c;gtVSi:ekUOYd;UyG7Kb:wQd0G;LsNahb:ucGLNb;xbe2wc:wbTLEd;Q1Ow7b:x5CSu;okUaUd:wItadb;G6wU6e:hezEbd;uknmt:GkPrzb;PqHfGe:im2cZe;Fmv9Nc:O1Tzwc;hK67qb:QWEO5b;BMxAGc:E5bFse;R4IIIb:QWfeKf;whEZac:F4AmNb;tH4IIe:Ymry6;zxnPse:GkRiKb;xqZiqf:wmnU7d;lkq0A:Z0MWEf;daB6be:lMxGPd;U96pRd:FsR04;LEikZe:byfTOb,lsjVmc/m=cdos,cr,hsm,jsa,mb4ZUb,d,csi,cEt90b,SNUn3,qddgKe,sTsDMc,dtl0hd,eHDfl:413:49

1692185640004	geckodriver	INFO	Listening on 127.0.0.1:49547
1692185640009	mozrunner::runner	INFO	Running command: MOZ_CRASHREPORTER="1" MOZ_CRASHREPORTER_NO_REPORT="1" MOZ_CRASHREPORTER_SHUTDOWN="1" MOZ_NO_REMOTE="1" "/App ... s" "localhost" "-foreground" "-no-remote" "-profile" "/var/folders/81/kll011gx2_n488rj8_jk9f2r0000gn/T/rust_mozprofileUMjWUK"
console.warn: services.settings: Ignoring preference override of remote settings server
console.warn: services.settings: Allow by setting MOZ_REMOTE_SETTINGS_DEVTOOLS=1 in the environment
1692185640419	Marionette	INFO	Marionette enabled
console.error: "Warning: unrecognized command line flag" "-remote-allow-hosts"
1692185640565	Marionette	INFO	Listening on port 49551
Read port: 49551
WebDriver BiDi listening on ws://127.0.0.1:49548
1692185640726	RemoteAgent	WARN	TLS certificate errors will be ignored for this session
UNSUPPORTED (log once): POSSIBLE ISSUE: unit 1 GLD_TEXTURE_INDEX_2D is unloadable and bound to sampler type (Float) - using zero texture because texture unloadable
DevTools listening on ws://127.0.0.1:49548/devtools/browser/4c5e4e2b-5d73-46cb-8e5b-8dda2243a1e5
1692185643269	Marionette	INFO	Stopped listening on port 49551
JavaScript warning: https://www.google.com/, line 20: Script terminated by timeout at:
m@https://www.google.com/:20:226

1692185645796	geckodriver	INFO	Listening on 127.0.0.1:49595
1692185645801	mozrunner::runner	INFO	Running command: MOZ_CRASHREPORTER="1" MOZ_CRASHREPORTER_NO_REPORT="1" MOZ_CRASHREPORTER_SHUTDOWN="1" MOZ_NO_REMOTE="1" "/App ... s" "localhost" "-foreground" "-no-remote" "-profile" "/var/folders/81/kll011gx2_n488rj8_jk9f2r0000gn/T/rust_mozprofiletUcdVL"
console.warn: services.settings: Ignoring preference override of remote settings server
console.warn: services.settings: Allow by setting MOZ_REMOTE_SETTINGS_DEVTOOLS=1 in the environment
1692185646268	Marionette	INFO	Marionette enabled
console.error: "Warning: unrecognized command line flag" "-remote-allow-hosts"
1692185646423	Marionette	INFO	Listening on port 49599
Read port: 49599
WebDriver BiDi listening on ws://127.0.0.1:49596
1692185646597	RemoteAgent	WARN	TLS certificate errors will be ignored for this session
UNSUPPORTED (log once): POSSIBLE ISSUE: unit 1 GLD_TEXTURE_INDEX_2D is unloadable and bound to sampler type (Float) - using zero texture because texture unloadable
DevTools listening on ws://127.0.0.1:49596/devtools/browser/56454e12-ad4c-4efa-b91e-3937c7cc8d2c
1692185649054	Marionette	INFO	Stopped listening on port 49599
1692185850905	geckodriver	INFO	Listening on 127.0.0.1:49656
1692185851424	mozrunner::runner	INFO	Running command: MOZ_CRASHREPORTER="1" MOZ_CRASHREPORTER_NO_REPORT="1" MOZ_CRASHREPORTER_SHUTDOWN="1" MOZ_NO_REMOTE="1" "/App ... s" "localhost" "-foreground" "-no-remote" "-profile" "/var/folders/81/kll011gx2_n488rj8_jk9f2r0000gn/T/rust_mozprofileIPo8LD"
console.warn: services.settings: Ignoring preference override of remote settings server
console.warn: services.settings: Allow by setting MOZ_REMOTE_SETTINGS_DEVTOOLS=1 in the environment
1692185851874	Marionette	INFO	Marionette enabled
console.error: "Warning: unrecognized command line flag" "-remote-allow-hosts"
1692185852022	Marionette	INFO	Listening on port 49663
Read port: 49663
WebDriver BiDi listening on ws://127.0.0.1:49657
1692185852114	RemoteAgent	WARN	TLS certificate errors will be ignored for this session
UNSUPPORTED (log once): POSSIBLE ISSUE: unit 1 GLD_TEXTURE_INDEX_2D is unloadable and bound to sampler type (Float) - using zero texture because texture unloadable
DevTools listening on ws://127.0.0.1:49657/devtools/browser/6ab9a1a0-6e17-426d-a0a1-2da9221fd5e4
1692185854424	Marionette	INFO	Stopped listening on port 49663
JavaScript warning: https://cdnimg.melon.co.kr/static/member/resource/script/me1/yd/h/13mgkludzp.js, line 25: Script terminated by timeout at:
fix@https://cdnimg.melon.co.kr/static/member/resource/script/me1/yd/h/13mgkludzp.js:25:41752
dispatch@https://cdnimg.melon.co.kr/static/member/resource/script/me1/yd/h/13mgkludzp.js:25:40484
add/cd.handle@https://cdnimg.melon.co.kr/static/member/resource/script/me1/yd/h/13mgkludzp.js:25:37181

1692186401419	geckodriver	INFO	Listening on 127.0.0.1:50450
1692186401940	mozrunner::runner	INFO	Running command: MOZ_CRASHREPORTER="1" MOZ_CRASHREPORTER_NO_REPORT="1" MOZ_CRASHREPORTER_SHUTDOWN="1" MOZ_NO_REMOTE="1" "/App ... s" "localhost" "-foreground" "-no-remote" "-profile" "/var/folders/81/kll011gx2_n488rj8_jk9f2r0000gn/T/rust_mozprofileUJOo08"
console.warn: services.settings: Ignoring preference override of remote settings server
console.warn: services.settings: Allow by setting MOZ_REMOTE_SETTINGS_DEVTOOLS=1 in the environment
1692186402739	Marionette	INFO	Marionette enabled
console.error: "Warning: unrecognized command line flag" "-remote-allow-hosts"
1692186402949	Marionette	INFO	Listening on port 50474
WebDriver BiDi listening on ws://127.0.0.1:50451
Read port: 50474
1692186403146	RemoteAgent	WARN	TLS certificate errors will be ignored for this session
UNSUPPORTED (log once): POSSIBLE ISSUE: unit 1 GLD_TEXTURE_INDEX_2D is unloadable and bound to sampler type (Float) - using zero texture because texture unloadable
DevTools listening on ws://127.0.0.1:50451/devtools/browser/bf548118-eb7c-4c2e-833a-bac6e65c8719
1692186405735	Marionette	INFO	Stopped listening on port 50474
JavaScript warning: https://www.google.com/, line 20: Script terminated by timeout at:
m@https://www.google.com/:20:226

JavaScript error: resource://gre/modules/UrlClassifierListManager.sys.mjs, line 720: TypeError: this.tablesData[table] is undefined
1692186756458	geckodriver	INFO	Listening on 127.0.0.1:51951
1692186756976	mozrunner::runner	INFO	Running command: MOZ_CRASHREPORTER="1" MOZ_CRASHREPORTER_NO_REPORT="1" MOZ_CRASHREPORTER_SHUTDOWN="1" MOZ_NO_REMOTE="1" "/App ... s" "localhost" "-foreground" "-no-remote" "-profile" "/var/folders/81/kll011gx2_n488rj8_jk9f2r0000gn/T/rust_mozprofileeNsGeW"
console.warn: services.settings: Ignoring preference override of remote settings server
console.warn: services.settings: Allow by setting MOZ_REMOTE_SETTINGS_DEVTOOLS=1 in the environment
1692186757688	Marionette	INFO	Marionette enabled
console.error: "Warning: unrecognized command line flag" "-remote-allow-hosts"
1692186757962	Marionette	INFO	Listening on port 51973
WebDriver BiDi listening on ws://127.0.0.1:51952
Read port: 51973
1692186758186	RemoteAgent	WARN	TLS certificate errors will be ignored for this session
UNSUPPORTED (log once): POSSIBLE ISSUE: unit 1 GLD_TEXTURE_INDEX_2D is unloadable and bound to sampler type (Float) - using zero texture because texture unloadable
DevTools listening on ws://127.0.0.1:51952/devtools/browser/461a4677-b717-4cea-86cf-6c8363ce10b8
1692186760839	Marionette	INFO	Stopped listening on port 51973
JavaScript warning: https://www.google.com/xjs/_/js/k=xjs.s.ko.j4AGi4f0UF8.O/am=CAAAAAAAAAAQAIBoIBwCsAEMEAAAAgAAEABAAQAAAAAYRABgACB4lEkaAAIChBAYADFwA4ASSgAAAAAACPsBAAAAgIA4AAIAACgEgAEhoAAEAAAAQB4AgAcADCYsAAAAAAAAAAAAgIBLEAwuSAAEBEAAAAAAAAAAAACAVDJ5MQAB/d=1/ed=1/dg=2/rs=ACT90oGXv4sSWouM3Wml9K4lIaxcsEFOfQ/ee=cEt90b:ws9Tlc;qddgKe:x4FYXe,d7YSfd;yxTchf:KUM7Z;dtl0hd:lLQWFe;eHDfl:ofjVkb;qaS3gd:yiLg6e;nAFL3:NTMZac,s39S4;oGtAuc:sOXFj;iFQyKf:vfuNJf,QIhFr;SNUn3:ZwDk9d,x8cHvb;io8t5d:sgY6Zb;Oj465e:KG2eXe,KG2eXe;Erl4fe:FloWmf,FloWmf;JsbNhc:Xd8iUd;sP4Vbe:VwDzFe;kMFpHd:OTA3Ae;uY49fb:COQbmf;Pjplud:PoEs9b,EEDORb;QGR0gd:Mlhmy;a56pNe:JEfCwb;Me32dd:MEeYgc;wR5FRb:TtcOte,O1Gjze;pXdRYb:JKoKVe,MdUzUe;dIoSBb:ZgGg9b;EmZ2Bf:zr1jrb;NSEoX:lazG7b;eBAeSb:Ck63tb;WCEKNd:I46Hvd;wV5Pjc:L8KGxe;EVNhjf:pw70Gc;sTsDMc:kHVSUb;wQlYve:aLUfP;zOsCQe:Ko78Df;KcokUb:KiuZBf;YV5bee:IvPZ6d;kbAm9d:MkHyGd;ZWEUA:afR4Cf;g8nkx:U4MzKc;lzgfYb:PI40bd;ESrPQc:mNTJvc;qavrXe:zQzcXe,mYbt1d;w9w86d:dt4g2b;GleZL:J1A7Od;bcPXSc:gSZLJb;JXS8fb:Qj0suc;IoGlCf:b5lhvb;vfVwPd:OXTqFb;VGRfx:VFqbr;BjwMce:cXX2Wb;pNsl2d:j9Yuyc;R9Ulx:CR7Ufe;kY7VAf:d91TEb;KpRAue:Tia57b;jY0zg:Q6tNgc;l8Azde:j4Ca9b;oSUNyd:fTfGO,fTfGO,vjQg0b;SMDL4c:fTfGO,vjQg0b;aZ61od:arTwJ;ZrFutb:W4Cdfc;K8vqCc:MyIcle;NPKaK:SdcwHb;LBgRLc:XVMNvd,SdcwHb;rQSrae:C6D5Fc;kCQyJ:ueyPK;KQzWid:mB4wNe;EABSZ:MXZt9d;TxfV6d:YORN0b;UDrY1c:eps46d;F9mqte:UoRcbe;Nyt6ic:jn2sGd;w3bZCb:ZPGaIb;G0KhTb:LIaoZ;aAJE9c:WHW6Ef;V2HTTe:RolTY;Wfmdue:g3MJlb;imqimf:jKGL2e;BgS6mb:fidj5d;UVmjEd:EesRsb;z97YGf:oug9te;AfeaP:TkrAjf;eBZ5Nd:audvde;CxXAWb:YyRLvc;VN6jIc:ddQyuf;SLtqO:Kh1xYe;tosKvd:ZCqP3;VOcgDe:YquhTb;uuQkY:u2V3ud;WDGyFe:jcVOxd;trZL0b:qY8PFe;VxQ32b:k0XsBb;DULqB:RKfG5c;Np8Qkd:Dpx6qc;cFTWae:gT8qnd;gaub4:TN6bMe;xBbsrc:NEW1Qc;DpcR3d:zL72xf;hjRo6e:F62sG;yGxLoc:FmAr0c;oUlnpc:RagDlc;R2kc8b:ALJqWb;pj82le:mg5CW;dLlj2:Qqt3Gf;qGV2uc:HHi04c;gtVSi:ekUOYd;UyG7Kb:wQd0G;LsNahb:ucGLNb;xbe2wc:wbTLEd;Q1Ow7b:x5CSu;okUaUd:wItadb;G6wU6e:hezEbd;uknmt:GkPrzb;PqHfGe:im2cZe;Fmv9Nc:O1Tzwc;hK67qb:QWEO5b;BMxAGc:E5bFse;R4IIIb:QWfeKf;whEZac:F4AmNb;tH4IIe:Ymry6;zxnPse:GkRiKb;xqZiqf:wmnU7d;lkq0A:Z0MWEf;daB6be:lMxGPd;U96pRd:FsR04;LEikZe:byfTOb,lsjVmc/m=cdos,cr,hsm,jsa,mb4ZUb,d,csi,cEt90b,SNUn3,qddgKe,sTsDMc,dtl0hd,eHDfl, line 400: Script terminated by timeout at:
_.Qk@https://www.google.com/xjs/_/js/k=xjs.s.ko.j4AGi4f0UF8.O/am=CAAAAAAAAAAQAIBoIBwCsAEMEAAAAgAAEABAAQAAAAAYRABgACB4lEkaAAIChBAYADFwA4ASSgAAAAAACPsBAAAAgIA4AAIAACgEgAEhoAAEAAAAQB4AgAcADCYsAAAAAAAAAAAAgIBLEAwuSAAEBEAAAAAAAAAAAACAVDJ5MQAB/d=1/ed=1/dg=2/rs=ACT90oGXv4sSWouM3Wml9K4lIaxcsEFOfQ/ee=cEt90b:ws9Tlc;qddgKe:x4FYXe,d7YSfd;yxTchf:KUM7Z;dtl0hd:lLQWFe;eHDfl:ofjVkb;qaS3gd:yiLg6e;nAFL3:NTMZac,s39S4;oGtAuc:sOXFj;iFQyKf:vfuNJf,QIhFr;SNUn3:ZwDk9d,x8cHvb;io8t5d:sgY6Zb;Oj465e:KG2eXe,KG2eXe;Erl4fe:FloWmf,FloWmf;JsbNhc:Xd8iUd;sP4Vbe:VwDzFe;kMFpHd:OTA3Ae;uY49fb:COQbmf;Pjplud:PoEs9b,EEDORb;QGR0gd:Mlhmy;a56pNe:JEfCwb;Me32dd:MEeYgc;wR5FRb:TtcOte,O1Gjze;pXdRYb:JKoKVe,MdUzUe;dIoSBb:ZgGg9b;EmZ2Bf:zr1jrb;NSEoX:lazG7b;eBAeSb:Ck63tb;WCEKNd:I46Hvd;wV5Pjc:L8KGxe;EVNhjf:pw70Gc;sTsDMc:kHVSUb;wQlYve:aLUfP;zOsCQe:Ko78Df;KcokUb:KiuZBf;YV5bee:IvPZ6d;kbAm9d:MkHyGd;ZWEUA:afR4Cf;g8nkx:U4MzKc;lzgfYb:PI40bd;ESrPQc:mNTJvc;qavrXe:zQzcXe,mYbt1d;w9w86d:dt4g2b;GleZL:J1A7Od;bcPXSc:gSZLJb;JXS8fb:Qj0suc;IoGlCf:b5lhvb;vfVwPd:OXTqFb;VGRfx:VFqbr;BjwMce:cXX2Wb;pNsl2d:j9Yuyc;R9Ulx:CR7Ufe;kY7VAf:d91TEb;KpRAue:Tia57b;jY0zg:Q6tNgc;l8Azde:j4Ca9b;oSUNyd:fTfGO,fTfGO,vjQg0b;SMDL4c:fTfGO,vjQg0b;aZ61od:arTwJ;ZrFutb:W4Cdfc;K8vqCc:MyIcle;NPKaK:SdcwHb;LBgRLc:XVMNvd,SdcwHb;rQSrae:C6D5Fc;kCQyJ:ueyPK;KQzWid:mB4wNe;EABSZ:MXZt9d;TxfV6d:YORN0b;UDrY1c:eps46d;F9mqte:UoRcbe;Nyt6ic:jn2sGd;w3bZCb:ZPGaIb;G0KhTb:LIaoZ;aAJE9c:WHW6Ef;V2HTTe:RolTY;Wfmdue:g3MJlb;imqimf:jKGL2e;BgS6mb:fidj5d;UVmjEd:EesRsb;z97YGf:oug9te;AfeaP:TkrAjf;eBZ5Nd:audvde;CxXAWb:YyRLvc;VN6jIc:ddQyuf;SLtqO:Kh1xYe;tosKvd:ZCqP3;VOcgDe:YquhTb;uuQkY:u2V3ud;WDGyFe:jcVOxd;trZL0b:qY8PFe;VxQ32b:k0XsBb;DULqB:RKfG5c;Np8Qkd:Dpx6qc;cFTWae:gT8qnd;gaub4:TN6bMe;xBbsrc:NEW1Qc;DpcR3d:zL72xf;hjRo6e:F62sG;yGxLoc:FmAr0c;oUlnpc:RagDlc;R2kc8b:ALJqWb;pj82le:mg5CW;dLlj2:Qqt3Gf;qGV2uc:HHi04c;gtVSi:ekUOYd;UyG7Kb:wQd0G;LsNahb:ucGLNb;xbe2wc:wbTLEd;Q1Ow7b:x5CSu;okUaUd:wItadb;G6wU6e:hezEbd;uknmt:GkPrzb;PqHfGe:im2cZe;Fmv9Nc:O1Tzwc;hK67qb:QWEO5b;BMxAGc:E5bFse;R4IIIb:QWfeKf;whEZac:F4AmNb;tH4IIe:Ymry6;zxnPse:GkRiKb;xqZiqf:wmnU7d;lkq0A:Z0MWEf;daB6be:lMxGPd;U96pRd:FsR04;LEikZe:byfTOb,lsjVmc/m=cdos,cr,hsm,jsa,mb4ZUb,d,csi,cEt90b,SNUn3,qddgKe,sTsDMc,dtl0hd,eHDfl:400:459
_.Uk@https://www.google.com/xjs/_/js/k=xjs.s.ko.j4AGi4f0UF8.O/am=CAAAAAAAAAAQAIBoIBwCsAEMEAAAAgAAEABAAQAAAAAYRABgACB4lEkaAAIChBAYADFwA4ASSgAAAAAACPsBAAAAgIA4AAIAACgEgAEhoAAEAAAAQB4AgAcADCYsAAAAAAAAAAAAgIBLEAwuSAAEBEAAAAAAAAAAAACAVDJ5MQAB/d=1/ed=1/dg=2/rs=ACT90oGXv4sSWouM3Wml9K4lIaxcsEFOfQ/ee=cEt90b:ws9Tlc;qddgKe:x4FYXe,d7YSfd;yxTchf:KUM7Z;dtl0hd:lLQWFe;eHDfl:ofjVkb;qaS3gd:yiLg6e;nAFL3:NTMZac,s39S4;oGtAuc:sOXFj;iFQyKf:vfuNJf,QIhFr;SNUn3:ZwDk9d,x8cHvb;io8t5d:sgY6Zb;Oj465e:KG2eXe,KG2eXe;Erl4fe:FloWmf,FloWmf;JsbNhc:Xd8iUd;sP4Vbe:VwDzFe;kMFpHd:OTA3Ae;uY49fb:COQbmf;Pjplud:PoEs9b,EEDORb;QGR0gd:Mlhmy;a56pNe:JEfCwb;Me32dd:MEeYgc;wR5FRb:TtcOte,O1Gjze;pXdRYb:JKoKVe,MdUzUe;dIoSBb:ZgGg9b;EmZ2Bf:zr1jrb;NSEoX:lazG7b;eBAeSb:Ck63tb;WCEKNd:I46Hvd;wV5Pjc:L8KGxe;EVNhjf:pw70Gc;sTsDMc:kHVSUb;wQlYve:aLUfP;zOsCQe:Ko78Df;KcokUb:KiuZBf;YV5bee:IvPZ6d;kbAm9d:MkHyGd;ZWEUA:afR4Cf;g8nkx:U4MzKc;lzgfYb:PI40bd;ESrPQc:mNTJvc;qavrXe:zQzcXe,mYbt1d;w9w86d:dt4g2b;GleZL:J1A7Od;bcPXSc:gSZLJb;JXS8fb:Qj0suc;IoGlCf:b5lhvb;vfVwPd:OXTqFb;VGRfx:VFqbr;BjwMce:cXX2Wb;pNsl2d:j9Yuyc;R9Ulx:CR7Ufe;kY7VAf:d91TEb;KpRAue:Tia57b;jY0zg:Q6tNgc;l8Azde:j4Ca9b;oSUNyd:fTfGO,fTfGO,vjQg0b;SMDL4c:fTfGO,vjQg0b;aZ61od:arTwJ;ZrFutb:W4Cdfc;K8vqCc:MyIcle;NPKaK:SdcwHb;LBgRLc:XVMNvd,SdcwHb;rQSrae:C6D5Fc;kCQyJ:ueyPK;KQzWid:mB4wNe;EABSZ:MXZt9d;TxfV6d:YORN0b;UDrY1c:eps46d;F9mqte:UoRcbe;Nyt6ic:jn2sGd;w3bZCb:ZPGaIb;G0KhTb:LIaoZ;aAJE9c:WHW6Ef;V2HTTe:RolTY;Wfmdue:g3MJlb;imqimf:jKGL2e;BgS6mb:fidj5d;UVmjEd:EesRsb;z97YGf:oug9te;AfeaP:TkrAjf;eBZ5Nd:audvde;CxXAWb:YyRLvc;VN6jIc:ddQyuf;SLtqO:Kh1xYe;tosKvd:ZCqP3;VOcgDe:YquhTb;uuQkY:u2V3ud;WDGyFe:jcVOxd;trZL0b:qY8PFe;VxQ32b:k0XsBb;DULqB:RKfG5c;Np8Qkd:Dpx6qc;cFTWae:gT8qnd;gaub4:TN6bMe;xBbsrc:NEW1Qc;DpcR3d:zL72xf;hjRo6e:F62sG;yGxLoc:FmAr0c;oUlnpc:RagDlc;R2kc8b:ALJqWb;pj82le:mg5CW;dLlj2:Qqt3Gf;qGV2uc:HHi04c;gtVSi:ekUOYd;UyG7Kb:wQd0G;LsNahb:ucGLNb;xbe2wc:wbTLEd;Q1Ow7b:x5CSu;okUaUd:wItadb;G6wU6e:hezEbd;uknmt:GkPrzb;PqHfGe:im2cZe;Fmv9Nc:O1Tzwc;hK67qb:QWEO5b;BMxAGc:E5bFse;R4IIIb:QWfeKf;whEZac:F4AmNb;tH4IIe:Ymry6;zxnPse:GkRiKb;xqZiqf:wmnU7d;lkq0A:Z0MWEf;daB6be:lMxGPd;U96pRd:FsR04;LEikZe:byfTOb,lsjVmc/m=cdos,cr,hsm,jsa,mb4ZUb,d,csi,cEt90b,SNUn3,qddgKe,sTsDMc,dtl0hd,eHDfl:405:1034
Eta@https://www.google.com/xjs/_/js/k=xjs.s.ko.j4AGi4f0UF8.O/am=CAAAAAAAAAAQAIBoIBwCsAEMEAAAAgAAEABAAQAAAAAYRABgACB4lEkaAAIChBAYADFwA4ASSgAAAAAACPsBAAAAgIA4AAIAACgEgAEhoAAEAAAAQB4AgAcADCYsAAAAAAAAAAAAgIBLEAwuSAAEBEAAAAAAAAAAAACAVDJ5MQAB/d=1/ed=1/dg=2/rs=ACT90oGXv4sSWouM3Wml9K4lIaxcsEFOfQ/ee=cEt90b:ws9Tlc;qddgKe:x4FYXe,d7YSfd;yxTchf:KUM7Z;dtl0hd:lLQWFe;eHDfl:ofjVkb;qaS3gd:yiLg6e;nAFL3:NTMZac,s39S4;oGtAuc:sOXFj;iFQyKf:vfuNJf,QIhFr;SNUn3:ZwDk9d,x8cHvb;io8t5d:sgY6Zb;Oj465e:KG2eXe,KG2eXe;Erl4fe:FloWmf,FloWmf;JsbNhc:Xd8iUd;sP4Vbe:VwDzFe;kMFpHd:OTA3Ae;uY49fb:COQbmf;Pjplud:PoEs9b,EEDORb;QGR0gd:Mlhmy;a56pNe:JEfCwb;Me32dd:MEeYgc;wR5FRb:TtcOte,O1Gjze;pXdRYb:JKoKVe,MdUzUe;dIoSBb:ZgGg9b;EmZ2Bf:zr1jrb;NSEoX:lazG7b;eBAeSb:Ck63tb;WCEKNd:I46Hvd;wV5Pjc:L8KGxe;EVNhjf:pw70Gc;sTsDMc:kHVSUb;wQlYve:aLUfP;zOsCQe:Ko78Df;KcokUb:KiuZBf;YV5bee:IvPZ6d;kbAm9d:MkHyGd;ZWEUA:afR4Cf;g8nkx:U4MzKc;lzgfYb:PI40bd;ESrPQc:mNTJvc;qavrXe:zQzcXe,mYbt1d;w9w86d:dt4g2b;GleZL:J1A7Od;bcPXSc:gSZLJb;JXS8fb:Qj0suc;IoGlCf:b5lhvb;vfVwPd:OXTqFb;VGRfx:VFqbr;BjwMce:cXX2Wb;pNsl2d:j9Yuyc;R9Ulx:CR7Ufe;kY7VAf:d91TEb;KpRAue:Tia57b;jY0zg:Q6tNgc;l8Azde:j4Ca9b;oSUNyd:fTfGO,fTfGO,vjQg0b;SMDL4c:fTfGO,vjQg0b;aZ61od:arTwJ;ZrFutb:W4Cdfc;K8vqCc:MyIcle;NPKaK:SdcwHb;LBgRLc:XVMNvd,SdcwHb;rQSrae:C6D5Fc;kCQyJ:ueyPK;KQzWid:mB4wNe;EABSZ:MXZt9d;TxfV6d:YORN0b;UDrY1c:eps46d;F9mqte:UoRcbe;Nyt6ic:jn2sGd;w3bZCb:ZPGaIb;G0KhTb:LIaoZ;aAJE9c:WHW6Ef;V2HTTe:RolTY;Wfmdue:g3MJlb;imqimf:jKGL2e;BgS6mb:fidj5d;UVmjEd:EesRsb;z97YGf:oug9te;AfeaP:TkrAjf;eBZ5Nd:audvde;CxXAWb:YyRLvc;VN6jIc:ddQyuf;SLtqO:Kh1xYe;tosKvd:ZCqP3;VOcgDe:YquhTb;uuQkY:u2V3ud;WDGyFe:jcVOxd;trZL0b:qY8PFe;VxQ32b:k0XsBb;DULqB:RKfG5c;Np8Qkd:Dpx6qc;cFTWae:gT8qnd;gaub4:TN6bMe;xBbsrc:NEW1Qc;DpcR3d:zL72xf;hjRo6e:F62sG;yGxLoc:FmAr0c;oUlnpc:RagDlc;R2kc8b:ALJqWb;pj82le:mg5CW;dLlj2:Qqt3Gf;qGV2uc:HHi04c;gtVSi:ekUOYd;UyG7Kb:wQd0G;LsNahb:ucGLNb;xbe2wc:wbTLEd;Q1Ow7b:x5CSu;okUaUd:wItadb;G6wU6e:hezEbd;uknmt:GkPrzb;PqHfGe:im2cZe;Fmv9Nc:O1Tzwc;hK67qb:QWEO5b;BMxAGc:E5bFse;R4IIIb:QWfeKf;whEZac:F4AmNb;tH4IIe:Ymry6;zxnPse:GkRiKb;xqZiqf:wmnU7d;lkq0A:Z0MWEf;daB6be:lMxGPd;U96pRd:FsR04;LEikZe:byfTOb,lsjVmc/m=cdos,cr,hsm,jsa,mb4ZUb,d,csi,cEt90b,SNUn3,qddgKe,sTsDMc,dtl0hd,eHDfl:417:347
b@https://www.google.com/xjs/_/js/k=xjs.s.ko.j4AGi4f0UF8.O/am=CAAAAAAAAAAQAIBoIBwCsAEMEAAAAgAAEABAAQAAAAAYRABgACB4lEkaAAIChBAYADFwA4ASSgAAAAAACPsBAAAAgIA4AAIAACgEgAEhoAAEAAAAQB4AgAcADCYsAAAAAAAAAAAAgIBLEAwuSAAEBEAAAAAAAAAAAACAVDJ5MQAB/d=1/ed=1/dg=2/rs=ACT90oGXv4sSWouM3Wml9K4lIaxcsEFOfQ/ee=cEt90b:ws9Tlc;qddgKe:x4FYXe,d7YSfd;yxTchf:KUM7Z;dtl0hd:lLQWFe;eHDfl:ofjVkb;qaS3gd:yiLg6e;nAFL3:NTMZac,s39S4;oGtAuc:sOXFj;iFQyKf:vfuNJf,QIhFr;SNUn3:ZwDk9d,x8cHvb;io8t5d:sgY6Zb;Oj465e:KG2eXe,KG2eXe;Erl4fe:FloWmf,FloWmf;JsbNhc:Xd8iUd;sP4Vbe:VwDzFe;kMFpHd:OTA3Ae;uY49fb:COQbmf;Pjplud:PoEs9b,EEDORb;QGR0gd:Mlhmy;a56pNe:JEfCwb;Me32dd:MEeYgc;wR5FRb:TtcOte,O1Gjze;pXdRYb:JKoKVe,MdUzUe;dIoSBb:ZgGg9b;EmZ2Bf:zr1jrb;NSEoX:lazG7b;eBAeSb:Ck63tb;WCEKNd:I46Hvd;wV5Pjc:L8KGxe;EVNhjf:pw70Gc;sTsDMc:kHVSUb;wQlYve:aLUfP;zOsCQe:Ko78Df;KcokUb:KiuZBf;YV5bee:IvPZ6d;kbAm9d:MkHyGd;ZWEUA:afR4Cf;g8nkx:U4MzKc;lzgfYb:PI40bd;ESrPQc:mNTJvc;qavrXe:zQzcXe,mYbt1d;w9w86d:dt4g2b;GleZL:J1A7Od;bcPXSc:gSZLJb;JXS8fb:Qj0suc;IoGlCf:b5lhvb;vfVwPd:OXTqFb;VGRfx:VFqbr;BjwMce:cXX2Wb;pNsl2d:j9Yuyc;R9Ulx:CR7Ufe;kY7VAf:d91TEb;KpRAue:Tia57b;jY0zg:Q6tNgc;l8Azde:j4Ca9b;oSUNyd:fTfGO,fTfGO,vjQg0b;SMDL4c:fTfGO,vjQg0b;aZ61od:arTwJ;ZrFutb:W4Cdfc;K8vqCc:MyIcle;NPKaK:SdcwHb;LBgRLc:XVMNvd,SdcwHb;rQSrae:C6D5Fc;kCQyJ:ueyPK;KQzWid:mB4wNe;EABSZ:MXZt9d;TxfV6d:YORN0b;UDrY1c:eps46d;F9mqte:UoRcbe;Nyt6ic:jn2sGd;w3bZCb:ZPGaIb;G0KhTb:LIaoZ;aAJE9c:WHW6Ef;V2HTTe:RolTY;Wfmdue:g3MJlb;imqimf:jKGL2e;BgS6mb:fidj5d;UVmjEd:EesRsb;z97YGf:oug9te;AfeaP:TkrAjf;eBZ5Nd:audvde;CxXAWb:YyRLvc;VN6jIc:ddQyuf;SLtqO:Kh1xYe;tosKvd:ZCqP3;VOcgDe:YquhTb;uuQkY:u2V3ud;WDGyFe:jcVOxd;trZL0b:qY8PFe;VxQ32b:k0XsBb;DULqB:RKfG5c;Np8Qkd:Dpx6qc;cFTWae:gT8qnd;gaub4:TN6bMe;xBbsrc:NEW1Qc;DpcR3d:zL72xf;hjRo6e:F62sG;yGxLoc:FmAr0c;oUlnpc:RagDlc;R2kc8b:ALJqWb;pj82le:mg5CW;dLlj2:Qqt3Gf;qGV2uc:HHi04c;gtVSi:ekUOYd;UyG7Kb:wQd0G;LsNahb:ucGLNb;xbe2wc:wbTLEd;Q1Ow7b:x5CSu;okUaUd:wItadb;G6wU6e:hezEbd;uknmt:GkPrzb;PqHfGe:im2cZe;Fmv9Nc:O1Tzwc;hK67qb:QWEO5b;BMxAGc:E5bFse;R4IIIb:QWfeKf;whEZac:F4AmNb;tH4IIe:Ymry6;zxnPse:GkRiKb;xqZiqf:wmnU7d;lkq0A:Z0MWEf;daB6be:lMxGPd;U96pRd:FsR04;LEikZe:byfTOb,lsjVmc/m=cdos,cr,hsm,jsa,mb4ZUb,d,csi,cEt90b,SNUn3,qddgKe,sTsDMc,dtl0hd,eHDfl:413:49

1692186945363	geckodriver	INFO	Listening on 127.0.0.1:52855
1692186945919	mozrunner::runner	INFO	Running command: MOZ_CRASHREPORTER="1" MOZ_CRASHREPORTER_NO_REPORT="1" MOZ_CRASHREPORTER_SHUTDOWN="1" MOZ_NO_REMOTE="1" "/App ... s" "localhost" "-foreground" "-no-remote" "-profile" "/var/folders/81/kll011gx2_n488rj8_jk9f2r0000gn/T/rust_mozprofileIgMJau"
console.warn: services.settings: Ignoring preference override of remote settings server
console.warn: services.settings: Allow by setting MOZ_REMOTE_SETTINGS_DEVTOOLS=1 in the environment
1692186946912	Marionette	INFO	Marionette enabled
console.error: "Warning: unrecognized command line flag" "-remote-allow-hosts"
1692186947405	Marionette	INFO	Listening on port 52878
WebDriver BiDi listening on ws://127.0.0.1:52856
Read port: 52878
1692186947660	RemoteAgent	WARN	TLS certificate errors will be ignored for this session
UNSUPPORTED (log once): POSSIBLE ISSUE: unit 1 GLD_TEXTURE_INDEX_2D is unloadable and bound to sampler type (Float) - using zero texture because texture unloadable
DevTools listening on ws://127.0.0.1:52856/devtools/browser/8a3536cb-03da-4634-93bd-b3ee58f52da8
JavaScript error: resource://gre/modules/XULStore.sys.mjs, line 60: Error: Can't find profile directory.
1692186996091	Marionette	INFO	Stopped listening on port 52878
1692187004221	geckodriver	INFO	Listening on 127.0.0.1:53128
1692187004743	mozrunner::runner	INFO	Running command: MOZ_CRASHREPORTER="1" MOZ_CRASHREPORTER_NO_REPORT="1" MOZ_CRASHREPORTER_SHUTDOWN="1" MOZ_NO_REMOTE="1" "/App ... s" "localhost" "-foreground" "-no-remote" "-profile" "/var/folders/81/kll011gx2_n488rj8_jk9f2r0000gn/T/rust_mozprofileVN7j7S"
console.warn: services.settings: Ignoring preference override of remote settings server
console.warn: services.settings: Allow by setting MOZ_REMOTE_SETTINGS_DEVTOOLS=1 in the environment
1692187005262	Marionette	INFO	Marionette enabled
console.error: "Warning: unrecognized command line flag" "-remote-allow-hosts"
1692187005577	Marionette	INFO	Listening on port 53150
Read port: 53150
WebDriver BiDi listening on ws://127.0.0.1:53129
1692187005618	RemoteAgent	WARN	TLS certificate errors will be ignored for this session
UNSUPPORTED (log once): POSSIBLE ISSUE: unit 1 GLD_TEXTURE_INDEX_2D is unloadable and bound to sampler type (Float) - using zero texture because texture unloadable
DevTools listening on ws://127.0.0.1:53129/devtools/browser/d8e7953d-6e2d-477d-a586-df3f075c5011
1692187214648	geckodriver	INFO	Listening on 127.0.0.1:54051
1692187215171	mozrunner::runner	INFO	Running command: MOZ_CRASHREPORTER="1" MOZ_CRASHREPORTER_NO_REPORT="1" MOZ_CRASHREPORTER_SHUTDOWN="1" MOZ_NO_REMOTE="1" "/App ... s" "localhost" "-foreground" "-no-remote" "-profile" "/var/folders/81/kll011gx2_n488rj8_jk9f2r0000gn/T/rust_mozprofilea2YCIl"
console.warn: services.settings: Ignoring preference override of remote settings server
console.warn: services.settings: Allow by setting MOZ_REMOTE_SETTINGS_DEVTOOLS=1 in the environment
1692187215953	Marionette	INFO	Marionette enabled
console.error: "Warning: unrecognized command line flag" "-remote-allow-hosts"
1692187216172	Marionette	INFO	Listening on port 54073
WebDriver BiDi listening on ws://127.0.0.1:54052
Read port: 54073
1692187216372	RemoteAgent	WARN	TLS certificate errors will be ignored for this session
UNSUPPORTED (log once): POSSIBLE ISSUE: unit 1 GLD_TEXTURE_INDEX_2D is unloadable and bound to sampler type (Float) - using zero texture because texture unloadable
DevTools listening on ws://127.0.0.1:54052/devtools/browser/54462561-297d-4425-8f0c-67456ba6d6c5
1692187304480	Marionette	INFO	Stopped listening on port 53150
1692187308496	Marionette	INFO	Stopped listening on port 54073
1692187345844	geckodriver	INFO	Listening on 127.0.0.1:54685
1692187346372	mozrunner::runner	INFO	Running command: MOZ_CRASHREPORTER="1" MOZ_CRASHREPORTER_NO_REPORT="1" MOZ_CRASHREPORTER_SHUTDOWN="1" MOZ_NO_REMOTE="1" "/App ... s" "localhost" "-foreground" "-no-remote" "-profile" "/var/folders/81/kll011gx2_n488rj8_jk9f2r0000gn/T/rust_mozprofile3YuvLI"
console.warn: services.settings: Ignoring preference override of remote settings server
console.warn: services.settings: Allow by setting MOZ_REMOTE_SETTINGS_DEVTOOLS=1 in the environment
1692187347228	Marionette	INFO	Marionette enabled
console.error: "Warning: unrecognized command line flag" "-remote-allow-hosts"
1692187347628	Marionette	INFO	Listening on port 54707
WebDriver BiDi listening on ws://127.0.0.1:54686
Read port: 54707
1692187347912	RemoteAgent	WARN	TLS certificate errors will be ignored for this session
UNSUPPORTED (log once): POSSIBLE ISSUE: unit 1 GLD_TEXTURE_INDEX_2D is unloadable and bound to sampler type (Float) - using zero texture because texture unloadable
DevTools listening on ws://127.0.0.1:54686/devtools/browser/39e20f4c-ffd7-40ae-970e-6418cd034e3e
1692187829941	geckodriver	INFO	Listening on 127.0.0.1:56700
1692187830459	mozrunner::runner	INFO	Running command: MOZ_CRASHREPORTER="1" MOZ_CRASHREPORTER_NO_REPORT="1" MOZ_CRASHREPORTER_SHUTDOWN="1" MOZ_NO_REMOTE="1" "/App ... s" "localhost" "-foreground" "-no-remote" "-profile" "/var/folders/81/kll011gx2_n488rj8_jk9f2r0000gn/T/rust_mozprofileeWLPro"
console.warn: services.settings: Ignoring preference override of remote settings server
console.warn: services.settings: Allow by setting MOZ_REMOTE_SETTINGS_DEVTOOLS=1 in the environment
1692187831282	Marionette	INFO	Marionette enabled
console.error: "Warning: unrecognized command line flag" "-remote-allow-hosts"
1692187831653	Marionette	INFO	Listening on port 56723
WebDriver BiDi listening on ws://127.0.0.1:56701
Read port: 56723
1692187831922	RemoteAgent	WARN	TLS certificate errors will be ignored for this session
UNSUPPORTED (log once): POSSIBLE ISSUE: unit 1 GLD_TEXTURE_INDEX_2D is unloadable and bound to sampler type (Float) - using zero texture because texture unloadable
DevTools listening on ws://127.0.0.1:56701/devtools/browser/3e7d921a-9e34-4053-a6c3-e90f033e62a8
2023-08-16 21:10:49.259 firefox-bin[47852:4506378] TSM AdjustCapsLockLEDForKeyTransitionHandling - _ISSetPhysicalKeyboardCapsLockLED Inhibit
JavaScript warning: https://accounts.kakaocdn.net/_next/static/chunks/pages/_app-2869068117262828.js, line 1: unreachable code after return statement
console.warn: LoginRecipes: "Falling back to a synchronous message for: https://member.melon.com."
console.warn: LoginRecipes: "Falling back to a synchronous message for: https://member.melon.com."
JavaScript warning: https://accounts.kakaocdn.net/_next/static/chunks/pages/_app-2869068117262828.js, line 1: unreachable code after return statement
console.warn: LoginRecipes: "Falling back to a synchronous message for: https://member.melon.com."
JavaScript warning: https://accounts.kakaocdn.net/_next/static/chunks/pages/_app-2869068117262828.js, line 1: unreachable code after return statement
1692198127369	Marionette	INFO	Stopped listening on port 56723
console.warn: TopSitesFeed: Failed to fetch data from Contile server: NetworkError when attempting to fetch resource.
1692198130701	Marionette	INFO	Stopped listening on port 54707
console.warn: TopSitesFeed: Failed to fetch data from Contile server: NetworkError when attempting to fetch resource.
1692242530887	geckodriver	INFO	Listening on 127.0.0.1:49228
1692242531410	mozrunner::runner	INFO	Running command: MOZ_CRASHREPORTER="1" MOZ_CRASHREPORTER_NO_REPORT="1" MOZ_CRASHREPORTER_SHUTDOWN="1" MOZ_NO_REMOTE="1" "/App ... s" "localhost" "-foreground" "-no-remote" "-profile" "/var/folders/81/kll011gx2_n488rj8_jk9f2r0000gn/T/rust_mozprofileqji69w"
console.warn: services.settings: Ignoring preference override of remote settings server
console.warn: services.settings: Allow by setting MOZ_REMOTE_SETTINGS_DEVTOOLS=1 in the environment
1692242532140	Marionette	INFO	Marionette enabled
console.error: "Warning: unrecognized command line flag" "-remote-allow-hosts"
1692242532360	Marionette	INFO	Listening on port 49246
WebDriver BiDi listening on ws://127.0.0.1:49229
Read port: 49246
1692242532577	RemoteAgent	WARN	TLS certificate errors will be ignored for this session
UNSUPPORTED (log once): POSSIBLE ISSUE: unit 1 GLD_TEXTURE_INDEX_2D is unloadable and bound to sampler type (Float) - using zero texture because texture unloadable
DevTools listening on ws://127.0.0.1:49229/devtools/browser/7672605d-4293-443c-8b3c-dafb71b235fd
1692242536273	Marionette	INFO	Stopped listening on port 49246
JavaScript error: resource://gre/modules/Prompter.sys.mjs, line 1194: NS_ERROR_NOT_AVAILABLE: prompt aborted by user
1692242544465	geckodriver	INFO	Listening on 127.0.0.1:49333
1692242544989	mozrunner::runner	INFO	Running command: MOZ_CRASHREPORTER="1" MOZ_CRASHREPORTER_NO_REPORT="1" MOZ_CRASHREPORTER_SHUTDOWN="1" MOZ_NO_REMOTE="1" "/App ... s" "localhost" "-foreground" "-no-remote" "-profile" "/var/folders/81/kll011gx2_n488rj8_jk9f2r0000gn/T/rust_mozprofile2Lln9o"
console.warn: services.settings: Ignoring preference override of remote settings server
console.warn: services.settings: Allow by setting MOZ_REMOTE_SETTINGS_DEVTOOLS=1 in the environment
1692242545406	Marionette	INFO	Marionette enabled
console.error: "Warning: unrecognized command line flag" "-remote-allow-hosts"
1692242545557	Marionette	INFO	Listening on port 49352
Read port: 49352
WebDriver BiDi listening on ws://127.0.0.1:49334
1692242545712	RemoteAgent	WARN	TLS certificate errors will be ignored for this session
UNSUPPORTED (log once): POSSIBLE ISSUE: unit 1 GLD_TEXTURE_INDEX_2D is unloadable and bound to sampler type (Float) - using zero texture because texture unloadable
DevTools listening on ws://127.0.0.1:49334/devtools/browser/ed0a2399-f9a8-4ae4-8e95-e25da6e7e0e3
1692242550113	Marionette	INFO	Stopped listening on port 49352
JavaScript error: resource://gre/modules/Prompter.sys.mjs, line 1194: NS_ERROR_NOT_AVAILABLE: prompt aborted by user
1692242563216	geckodriver	INFO	Listening on 127.0.0.1:49468
1692242563737	mozrunner::runner	INFO	Running command: MOZ_CRASHREPORTER="1" MOZ_CRASHREPORTER_NO_REPORT="1" MOZ_CRASHREPORTER_SHUTDOWN="1" MOZ_NO_REMOTE="1" "/App ... debugging-port" "49469" "--remote-allow-hosts" "localhost" "-foreground" "-no-remote" "-profile" "/tmp/rust_mozprofileDi3dIE"
Running Firefox as root in a regular user's session is not supported.  ($HOME is /Users/paradoxmyung which is owned by paradoxmyung.)
1692242579664	geckodriver	INFO	Listening on 127.0.0.1:49545
1692242580187	mozrunner::runner	INFO	Running command: MOZ_CRASHREPORTER="1" MOZ_CRASHREPORTER_NO_REPORT="1" MOZ_CRASHREPORTER_SHUTDOWN="1" MOZ_NO_REMOTE="1" "/App ... s" "localhost" "-foreground" "-no-remote" "-profile" "/var/folders/81/kll011gx2_n488rj8_jk9f2r0000gn/T/rust_mozprofile6SofHV"
console.warn: services.settings: Ignoring preference override of remote settings server
console.warn: services.settings: Allow by setting MOZ_REMOTE_SETTINGS_DEVTOOLS=1 in the environment
1692242580643	Marionette	INFO	Marionette enabled
console.error: "Warning: unrecognized command line flag" "-remote-allow-hosts"
1692242580951	Marionette	INFO	Listening on port 49555
WebDriver BiDi listening on ws://127.0.0.1:49546
Read port: 49555
1692242581114	RemoteAgent	WARN	TLS certificate errors will be ignored for this session
UNSUPPORTED (log once): POSSIBLE ISSUE: unit 1 GLD_TEXTURE_INDEX_2D is unloadable and bound to sampler type (Float) - using zero texture because texture unloadable
DevTools listening on ws://127.0.0.1:49546/devtools/browser/edca5656-e407-41c6-bb75-bd62b333ca0f
1692242583991	Marionette	INFO	Stopped listening on port 49555
JavaScript error: resource://gre/modules/Prompter.sys.mjs, line 1194: NS_ERROR_NOT_AVAILABLE: prompt aborted by user
1692242643883	geckodriver	INFO	Listening on 127.0.0.1:49855
1692242644407	mozrunner::runner	INFO	Running command: MOZ_CRASHREPORTER="1" MOZ_CRASHREPORTER_NO_REPORT="1" MOZ_CRASHREPORTER_SHUTDOWN="1" MOZ_NO_REMOTE="1" "/App ... s" "localhost" "-foreground" "-no-remote" "-profile" "/var/folders/81/kll011gx2_n488rj8_jk9f2r0000gn/T/rust_mozprofileGYDhy6"
console.warn: services.settings: Ignoring preference override of remote settings server
console.warn: services.settings: Allow by setting MOZ_REMOTE_SETTINGS_DEVTOOLS=1 in the environment
1692242644913	Marionette	INFO	Marionette enabled
console.error: "Warning: unrecognized command line flag" "-remote-allow-hosts"
1692242645092	Marionette	INFO	Listening on port 49869
Read port: 49869
WebDriver BiDi listening on ws://127.0.0.1:49856
1692242645237	RemoteAgent	WARN	TLS certificate errors will be ignored for this session
UNSUPPORTED (log once): POSSIBLE ISSUE: unit 1 GLD_TEXTURE_INDEX_2D is unloadable and bound to sampler type (Float) - using zero texture because texture unloadable
DevTools listening on ws://127.0.0.1:49856/devtools/browser/a640094f-c660-4319-b90d-ed3f12254f0e
1692242648221	Marionette	INFO	Stopped listening on port 49869
JavaScript error: resource://gre/modules/Prompter.sys.mjs, line 1194: NS_ERROR_NOT_AVAILABLE: prompt aborted by user
1692242659021	geckodriver	INFO	Listening on 127.0.0.1:49968
1692242659542	mozrunner::runner	INFO	Running command: MOZ_CRASHREPORTER="1" MOZ_CRASHREPORTER_NO_REPORT="1" MOZ_CRASHREPORTER_SHUTDOWN="1" MOZ_NO_REMOTE="1" "/App ... s" "localhost" "-foreground" "-no-remote" "-profile" "/var/folders/81/kll011gx2_n488rj8_jk9f2r0000gn/T/rust_mozprofileIoi8U7"
console.warn: services.settings: Ignoring preference override of remote settings server
console.warn: services.settings: Allow by setting MOZ_REMOTE_SETTINGS_DEVTOOLS=1 in the environment
1692242660019	Marionette	INFO	Marionette enabled
console.error: "Warning: unrecognized command line flag" "-remote-allow-hosts"
1692242660280	Marionette	INFO	Listening on port 49982
Read port: 49982
WebDriver BiDi listening on ws://127.0.0.1:49969
1692242660531	RemoteAgent	WARN	TLS certificate errors will be ignored for this session
UNSUPPORTED (log once): POSSIBLE ISSUE: unit 1 GLD_TEXTURE_INDEX_2D is unloadable and bound to sampler type (Float) - using zero texture because texture unloadable
DevTools listening on ws://127.0.0.1:49969/devtools/browser/e9bbbc99-36ec-4228-90d7-e67f6ecf9e42
1692242663340	Marionette	INFO	Stopped listening on port 49982
JavaScript error: resource://gre/modules/Prompter.sys.mjs, line 1194: NS_ERROR_NOT_AVAILABLE: prompt aborted by user
JavaScript error: resource://gre/modules/UrlClassifierListManager.sys.mjs, line 720: TypeError: this.tablesData[table] is undefined
1692242666166	geckodriver	INFO	Listening on 127.0.0.1:50049
1692242666171	mozrunner::runner	INFO	Running command: MOZ_CRASHREPORTER="1" MOZ_CRASHREPORTER_NO_REPORT="1" MOZ_CRASHREPORTER_SHUTDOWN="1" MOZ_NO_REMOTE="1" "/App ... s" "localhost" "-foreground" "-no-remote" "-profile" "/var/folders/81/kll011gx2_n488rj8_jk9f2r0000gn/T/rust_mozprofileRlvkdf"
console.warn: services.settings: Ignoring preference override of remote settings server
console.warn: services.settings: Allow by setting MOZ_REMOTE_SETTINGS_DEVTOOLS=1 in the environment
1692242666588	Marionette	INFO	Marionette enabled
console.error: "Warning: unrecognized command line flag" "-remote-allow-hosts"
1692242666742	Marionette	INFO	Listening on port 50057
Read port: 50057
WebDriver BiDi listening on ws://127.0.0.1:50050
1692242666906	RemoteAgent	WARN	TLS certificate errors will be ignored for this session
UNSUPPORTED (log once): POSSIBLE ISSUE: unit 1 GLD_TEXTURE_INDEX_2D is unloadable and bound to sampler type (Float) - using zero texture because texture unloadable
DevTools listening on ws://127.0.0.1:50050/devtools/browser/667bb76a-3a4b-48f2-82bb-d48239ceec49
1692242669778	Marionette	INFO	Stopped listening on port 50057
JavaScript error: resource://gre/modules/Prompter.sys.mjs, line 1194: NS_ERROR_NOT_AVAILABLE: prompt aborted by user
1692242673534	geckodriver	INFO	Listening on 127.0.0.1:50132
1692242674056	mozrunner::runner	INFO	Running command: MOZ_CRASHREPORTER="1" MOZ_CRASHREPORTER_NO_REPORT="1" MOZ_CRASHREPORTER_SHUTDOWN="1" MOZ_NO_REMOTE="1" "/App ... s" "localhost" "-foreground" "-no-remote" "-profile" "/var/folders/81/kll011gx2_n488rj8_jk9f2r0000gn/T/rust_mozprofileNBEDBa"
console.warn: services.settings: Ignoring preference override of remote settings server
console.warn: services.settings: Allow by setting MOZ_REMOTE_SETTINGS_DEVTOOLS=1 in the environment
1692242674496	Marionette	INFO	Marionette enabled
console.error: "Warning: unrecognized command line flag" "-remote-allow-hosts"
1692242674645	Marionette	INFO	Listening on port 50142
Read port: 50142
WebDriver BiDi listening on ws://127.0.0.1:50133
1692242674814	RemoteAgent	WARN	TLS certificate errors will be ignored for this session
UNSUPPORTED (log once): POSSIBLE ISSUE: unit 1 GLD_TEXTURE_INDEX_2D is unloadable and bound to sampler type (Float) - using zero texture because texture unloadable
DevTools listening on ws://127.0.0.1:50133/devtools/browser/e392bdb8-9ca4-42a9-8da4-d7fe0fcdbc56
1692242677691	Marionette	INFO	Stopped listening on port 50142
JavaScript error: resource://gre/modules/Prompter.sys.mjs, line 1194: NS_ERROR_NOT_AVAILABLE: prompt aborted by user
JavaScript error: resource://gre/modules/UrlClassifierListManager.sys.mjs, line 720: TypeError: this.tablesData[table] is undefined
1692242680259	geckodriver	INFO	Listening on 127.0.0.1:50209
1692242680783	mozrunner::runner	INFO	Running command: MOZ_CRASHREPORTER="1" MOZ_CRASHREPORTER_NO_REPORT="1" MOZ_CRASHREPORTER_SHUTDOWN="1" MOZ_NO_REMOTE="1" "/App ... s" "localhost" "-foreground" "-no-remote" "-profile" "/var/folders/81/kll011gx2_n488rj8_jk9f2r0000gn/T/rust_mozprofileXGCuJL"
console.warn: services.settings: Ignoring preference override of remote settings server
console.warn: services.settings: Allow by setting MOZ_REMOTE_SETTINGS_DEVTOOLS=1 in the environment
1692242681179	Marionette	INFO	Marionette enabled
console.error: "Warning: unrecognized command line flag" "-remote-allow-hosts"
1692242681358	Marionette	INFO	Listening on port 50223
Read port: 50223
WebDriver BiDi listening on ws://127.0.0.1:50210
1692242681558	RemoteAgent	WARN	TLS certificate errors will be ignored for this session
UNSUPPORTED (log once): POSSIBLE ISSUE: unit 1 GLD_TEXTURE_INDEX_2D is unloadable and bound to sampler type (Float) - using zero texture because texture unloadable
DevTools listening on ws://127.0.0.1:50210/devtools/browser/b946cd5b-d2c2-4d19-be69-7a0e5b204d77
1692242684372	Marionette	INFO	Stopped listening on port 50223
JavaScript error: resource://gre/modules/Prompter.sys.mjs, line 1194: NS_ERROR_NOT_AVAILABLE: prompt aborted by user
1692242988796	geckodriver	INFO	Listening on 127.0.0.1:51506
1692242989312	mozrunner::runner	INFO	Running command: MOZ_CRASHREPORTER="1" MOZ_CRASHREPORTER_NO_REPORT="1" MOZ_CRASHREPORTER_SHUTDOWN="1" MOZ_NO_REMOTE="1" "/App ... s" "localhost" "-foreground" "-no-remote" "-profile" "/var/folders/81/kll011gx2_n488rj8_jk9f2r0000gn/T/rust_mozprofileWbD1U4"
console.warn: services.settings: Ignoring preference override of remote settings server
console.warn: services.settings: Allow by setting MOZ_REMOTE_SETTINGS_DEVTOOLS=1 in the environment
1692242990057	Marionette	INFO	Marionette enabled
console.error: "Warning: unrecognized command line flag" "-remote-allow-hosts"
1692242990324	Marionette	INFO	Listening on port 51524
WebDriver BiDi listening on ws://127.0.0.1:51507
Read port: 51524
1692242990577	RemoteAgent	WARN	TLS certificate errors will be ignored for this session
UNSUPPORTED (log once): POSSIBLE ISSUE: unit 1 GLD_TEXTURE_INDEX_2D is unloadable and bound to sampler type (Float) - using zero texture because texture unloadable
DevTools listening on ws://127.0.0.1:51507/devtools/browser/c997f2d5-295b-4cc0-aa55-63038af9aae9
1692242993724	Marionette	INFO	Stopped listening on port 51524
JavaScript error: resource://gre/modules/Prompter.sys.mjs, line 1194: NS_ERROR_NOT_AVAILABLE: prompt aborted by user
1692243043635	geckodriver	INFO	Listening on 127.0.0.1:51787
1692243044155	mozrunner::runner	INFO	Running command: MOZ_CRASHREPORTER="1" MOZ_CRASHREPORTER_NO_REPORT="1" MOZ_CRASHREPORTER_SHUTDOWN="1" MOZ_NO_REMOTE="1" "/App ... s" "localhost" "-foreground" "-no-remote" "-profile" "/var/folders/81/kll011gx2_n488rj8_jk9f2r0000gn/T/rust_mozprofile7b0U1K"
console.warn: services.settings: Ignoring preference override of remote settings server
console.warn: services.settings: Allow by setting MOZ_REMOTE_SETTINGS_DEVTOOLS=1 in the environment
1692243044661	Marionette	INFO	Marionette enabled
console.error: "Warning: unrecognized command line flag" "-remote-allow-hosts"
1692243044878	Marionette	INFO	Listening on port 51806
WebDriver BiDi listening on ws://127.0.0.1:51788
Read port: 51806
1692243044960	RemoteAgent	WARN	TLS certificate errors will be ignored for this session
UNSUPPORTED (log once): POSSIBLE ISSUE: unit 1 GLD_TEXTURE_INDEX_2D is unloadable and bound to sampler type (Float) - using zero texture because texture unloadable
DevTools listening on ws://127.0.0.1:51788/devtools/browser/27584583-54a9-4eeb-bdcc-5cf572703d59
JavaScript warning: https://ticket.melon.com/resource/script/web/common/melonweb_cmtpgn.js?t=20200115, line 5808: unreachable code after return statement
JavaScript warning: https://ticket.melon.com/resource/script/web/common/melonweb_cmtpgn.js?t=20200115, line 7435: unreachable code after return statement
JavaScript warning: https://ticket.melon.com/resource/script/web/common/melonweb_cmtpgn.js?t=20200115, line 7566: unreachable code after return statement
JavaScript error: https://ticket.melon.com/resource/script/web/common/jquery-3.6.0.min.js, line 2: SecurityError: Permission denied to access property "console" on cross-origin object
JavaScript warning: https://ticket.melon.com/resource/script/web/common/melonweb_cmtpgn.js?t=20200115, line 5808: unreachable code after return statement
JavaScript warning: https://ticket.melon.com/resource/script/web/common/melonweb_cmtpgn.js?t=20200115, line 7435: unreachable code after return statement
JavaScript warning: https://ticket.melon.com/resource/script/web/common/melonweb_cmtpgn.js?t=20200115, line 7566: unreachable code after return statement
1692243048406	Marionette	INFO	Stopped listening on port 51806
JavaScript warning: https://ticket.melon.com/resource/script/web/common/melonweb_cmtpgn.js?t=20200115, line 32: Script terminated by timeout at:
G@https://ticket.melon.com/resource/script/web/common/melonweb_cmtpgn.js?t=20200115:32:13
q@https://ticket.melon.com/resource/script/web/common/melonweb_cmtpgn.js?t=20200115:41:24
C@https://ticket.melon.com/resource/script/web/common/melonweb_cmtpgn.js?t=20200115:56:29

1692243105812	geckodriver	INFO	Listening on 127.0.0.1:52118
1692243106335	mozrunner::runner	INFO	Running command: MOZ_CRASHREPORTER="1" MOZ_CRASHREPORTER_NO_REPORT="1" MOZ_CRASHREPORTER_SHUTDOWN="1" MOZ_NO_REMOTE="1" "/App ... s" "localhost" "-foreground" "-no-remote" "-profile" "/var/folders/81/kll011gx2_n488rj8_jk9f2r0000gn/T/rust_mozprofileYEpWvE"
console.warn: services.settings: Ignoring preference override of remote settings server
console.warn: services.settings: Allow by setting MOZ_REMOTE_SETTINGS_DEVTOOLS=1 in the environment
1692243106847	Marionette	INFO	Marionette enabled
console.error: "Warning: unrecognized command line flag" "-remote-allow-hosts"
1692243107050	Marionette	INFO	Listening on port 52136
WebDriver BiDi listening on ws://127.0.0.1:52119
Read port: 52136
1692243107197	RemoteAgent	WARN	TLS certificate errors will be ignored for this session
UNSUPPORTED (log once): POSSIBLE ISSUE: unit 1 GLD_TEXTURE_INDEX_2D is unloadable and bound to sampler type (Float) - using zero texture because texture unloadable
DevTools listening on ws://127.0.0.1:52119/devtools/browser/bab48676-0a25-41bb-af35-f7af593c7ec7
JavaScript warning: https://ticket.melon.com/resource/script/web/common/melonweb_cmtpgn.js?t=20200115, line 5808: unreachable code after return statement
JavaScript warning: https://ticket.melon.com/resource/script/web/common/melonweb_cmtpgn.js?t=20200115, line 7435: unreachable code after return statement
JavaScript warning: https://ticket.melon.com/resource/script/web/common/melonweb_cmtpgn.js?t=20200115, line 7566: unreachable code after return statement
JavaScript error: https://ticket.melon.com/resource/script/web/common/jquery-3.6.0.min.js, line 2: SecurityError: Permission denied to access property "console" on cross-origin object
JavaScript warning: https://ticket.melon.com/resource/script/web/common/melonweb_cmtpgn.js?t=20200115, line 5808: unreachable code after return statement
JavaScript warning: https://ticket.melon.com/resource/script/web/common/melonweb_cmtpgn.js?t=20200115, line 7435: unreachable code after return statement
JavaScript warning: https://ticket.melon.com/resource/script/web/common/melonweb_cmtpgn.js?t=20200115, line 7566: unreachable code after return statement
1692243110922	Marionette	INFO	Stopped listening on port 52136
1692243796491	geckodriver	INFO	Listening on 127.0.0.1:55027
1692243797012	mozrunner::runner	INFO	Running command: MOZ_CRASHREPORTER="1" MOZ_CRASHREPORTER_NO_REPORT="1" MOZ_CRASHREPORTER_SHUTDOWN="1" MOZ_NO_REMOTE="1" "/App ... s" "localhost" "-foreground" "-no-remote" "-profile" "/var/folders/81/kll011gx2_n488rj8_jk9f2r0000gn/T/rust_mozprofilesuw5ec"
console.warn: services.settings: Ignoring preference override of remote settings server
console.warn: services.settings: Allow by setting MOZ_REMOTE_SETTINGS_DEVTOOLS=1 in the environment
1692243797750	Marionette	INFO	Marionette enabled
console.error: "Warning: unrecognized command line flag" "-remote-allow-hosts"
1692243798129	Marionette	INFO	Listening on port 55049
WebDriver BiDi listening on ws://127.0.0.1:55028
Read port: 55049
1692243798381	RemoteAgent	WARN	TLS certificate errors will be ignored for this session
UNSUPPORTED (log once): POSSIBLE ISSUE: unit 1 GLD_TEXTURE_INDEX_2D is unloadable and bound to sampler type (Float) - using zero texture because texture unloadable
DevTools listening on ws://127.0.0.1:55028/devtools/browser/55b686d2-5faa-4b3e-8b9b-83a771def1b6
JavaScript warning: https://ticket.melon.com/resource/script/web/common/melonweb_cmtpgn.js?t=20200115, line 5808: unreachable code after return statement
JavaScript warning: https://ticket.melon.com/resource/script/web/common/melonweb_cmtpgn.js?t=20200115, line 7435: unreachable code after return statement
JavaScript warning: https://ticket.melon.com/resource/script/web/common/melonweb_cmtpgn.js?t=20200115, line 7566: unreachable code after return statement
JavaScript error: https://ticket.melon.com/resource/script/web/common/jquery-3.6.0.min.js, line 2: SecurityError: Permission denied to access property "console" on cross-origin object
JavaScript warning: https://ticket.melon.com/resource/script/web/common/melonweb_cmtpgn.js?t=20200115, line 5808: unreachable code after return statement
JavaScript warning: https://ticket.melon.com/resource/script/web/common/melonweb_cmtpgn.js?t=20200115, line 7435: unreachable code after return statement
JavaScript warning: https://ticket.melon.com/resource/script/web/common/melonweb_cmtpgn.js?t=20200115, line 7566: unreachable code after return statement
1692243811918	Marionette	INFO	Stopped listening on port 55049
JavaScript warning: https://ticket.melon.com/resource/script/web/common/melonweb_cmtpgn.js?t=20200115, line 55: Script terminated by timeout at:
C@https://ticket.melon.com/resource/script/web/common/melonweb_cmtpgn.js?t=20200115:55:21

1692243856856	geckodriver	INFO	Listening on 127.0.0.1:55344
1692243857371	mozrunner::runner	INFO	Running command: MOZ_CRASHREPORTER="1" MOZ_CRASHREPORTER_NO_REPORT="1" MOZ_CRASHREPORTER_SHUTDOWN="1" MOZ_NO_REMOTE="1" "/App ... s" "localhost" "-foreground" "-no-remote" "-profile" "/var/folders/81/kll011gx2_n488rj8_jk9f2r0000gn/T/rust_mozprofileKbV3va"
console.warn: services.settings: Ignoring preference override of remote settings server
console.warn: services.settings: Allow by setting MOZ_REMOTE_SETTINGS_DEVTOOLS=1 in the environment
1692243857861	Marionette	INFO	Marionette enabled
console.error: "Warning: unrecognized command line flag" "-remote-allow-hosts"
1692243858074	Marionette	INFO	Listening on port 55362
WebDriver BiDi listening on ws://127.0.0.1:55345
Read port: 55362
1692243858292	RemoteAgent	WARN	TLS certificate errors will be ignored for this session
UNSUPPORTED (log once): POSSIBLE ISSUE: unit 1 GLD_TEXTURE_INDEX_2D is unloadable and bound to sampler type (Float) - using zero texture because texture unloadable
DevTools listening on ws://127.0.0.1:55345/devtools/browser/ee7b4ab0-a9e1-497c-9466-4b82ba27104a
JavaScript warning: https://ticket.melon.com/resource/script/web/common/melonweb_cmtpgn.js?t=20200115, line 5808: unreachable code after return statement
JavaScript warning: https://ticket.melon.com/resource/script/web/common/melonweb_cmtpgn.js?t=20200115, line 7435: unreachable code after return statement
JavaScript warning: https://ticket.melon.com/resource/script/web/common/melonweb_cmtpgn.js?t=20200115, line 7566: unreachable code after return statement
JavaScript error: https://ticket.melon.com/resource/script/web/common/jquery-3.6.0.min.js, line 2: SecurityError: Permission denied to access property "console" on cross-origin object
JavaScript warning: https://ticket.melon.com/resource/script/web/common/melonweb_cmtpgn.js?t=20200115, line 5808: unreachable code after return statement
JavaScript warning: https://ticket.melon.com/resource/script/web/common/melonweb_cmtpgn.js?t=20200115, line 7435: unreachable code after return statement
JavaScript warning: https://ticket.melon.com/resource/script/web/common/melonweb_cmtpgn.js?t=20200115, line 7566: unreachable code after return statement
1692243871568	Marionette	INFO	Stopped listening on port 55362
1692243908896	geckodriver	INFO	Listening on 127.0.0.1:55626
1692243909417	mozrunner::runner	INFO	Running command: MOZ_CRASHREPORTER="1" MOZ_CRASHREPORTER_NO_REPORT="1" MOZ_CRASHREPORTER_SHUTDOWN="1" MOZ_NO_REMOTE="1" "/App ... s" "localhost" "-foreground" "-no-remote" "-profile" "/var/folders/81/kll011gx2_n488rj8_jk9f2r0000gn/T/rust_mozprofilePyD2nu"
console.warn: services.settings: Ignoring preference override of remote settings server
console.warn: services.settings: Allow by setting MOZ_REMOTE_SETTINGS_DEVTOOLS=1 in the environment
1692243910155	Marionette	INFO	Marionette enabled
console.error: "Warning: unrecognized command line flag" "-remote-allow-hosts"
1692243910360	Marionette	INFO	Listening on port 55649
WebDriver BiDi listening on ws://127.0.0.1:55627
Read port: 55649
1692243910582	RemoteAgent	WARN	TLS certificate errors will be ignored for this session
UNSUPPORTED (log once): POSSIBLE ISSUE: unit 1 GLD_TEXTURE_INDEX_2D is unloadable and bound to sampler type (Float) - using zero texture because texture unloadable
DevTools listening on ws://127.0.0.1:55627/devtools/browser/e14d8551-cafa-4cbd-b499-ee63e66146da
JavaScript warning: https://ticket.melon.com/resource/script/web/common/melonweb_cmtpgn.js?t=20200115, line 5808: unreachable code after return statement
JavaScript warning: https://ticket.melon.com/resource/script/web/common/melonweb_cmtpgn.js?t=20200115, line 7435: unreachable code after return statement
JavaScript warning: https://ticket.melon.com/resource/script/web/common/melonweb_cmtpgn.js?t=20200115, line 7566: unreachable code after return statement
JavaScript error: https://ticket.melon.com/resource/script/web/common/jquery-3.6.0.min.js, line 2: SecurityError: Permission denied to access property "console" on cross-origin object
JavaScript warning: https://ticket.melon.com/resource/script/web/common/melonweb_cmtpgn.js?t=20200115, line 5808: unreachable code after return statement
JavaScript warning: https://ticket.melon.com/resource/script/web/common/melonweb_cmtpgn.js?t=20200115, line 7435: unreachable code after return statement
JavaScript warning: https://ticket.melon.com/resource/script/web/common/melonweb_cmtpgn.js?t=20200115, line 7566: unreachable code after return statement
1692243923929	Marionette	INFO	Stopped listening on port 55649
JavaScript warning: https://ticket.melon.com/resource/script/web/common/melonweb_cmtpgn.js?t=20200115, line 55: Script terminated by timeout at:
C@https://ticket.melon.com/resource/script/web/common/melonweb_cmtpgn.js?t=20200115:55:21

1692244600123	geckodriver	INFO	Listening on 127.0.0.1:58506
1692244600640	mozrunner::runner	INFO	Running command: MOZ_CRASHREPORTER="1" MOZ_CRASHREPORTER_NO_REPORT="1" MOZ_CRASHREPORTER_SHUTDOWN="1" MOZ_NO_REMOTE="1" "/App ... s" "localhost" "-foreground" "-no-remote" "-profile" "/var/folders/81/kll011gx2_n488rj8_jk9f2r0000gn/T/rust_mozprofile6bPeuW"
console.warn: services.settings: Ignoring preference override of remote settings server
console.warn: services.settings: Allow by setting MOZ_REMOTE_SETTINGS_DEVTOOLS=1 in the environment
1692244601461	Marionette	INFO	Marionette enabled
console.error: "Warning: unrecognized command line flag" "-remote-allow-hosts"
1692244601691	Marionette	INFO	Listening on port 58524
WebDriver BiDi listening on ws://127.0.0.1:58507
Read port: 58524
1692244601824	RemoteAgent	WARN	TLS certificate errors will be ignored for this session
UNSUPPORTED (log once): POSSIBLE ISSUE: unit 1 GLD_TEXTURE_INDEX_2D is unloadable and bound to sampler type (Float) - using zero texture because texture unloadable
DevTools listening on ws://127.0.0.1:58507/devtools/browser/d2052af0-411b-49a8-a508-004e25db3f4f
JavaScript warning: https://ticket.melon.com/resource/script/web/common/melonweb_cmtpgn.js?t=20200115, line 5808: unreachable code after return statement
JavaScript warning: https://ticket.melon.com/resource/script/web/common/melonweb_cmtpgn.js?t=20200115, line 7435: unreachable code after return statement
JavaScript warning: https://ticket.melon.com/resource/script/web/common/melonweb_cmtpgn.js?t=20200115, line 7566: unreachable code after return statement
JavaScript warning: https://ticket.melon.com/resource/script/web/common/melonweb_cmtpgn.js?t=20200115, line 5808: unreachable code after return statement
JavaScript warning: https://ticket.melon.com/resource/script/web/common/melonweb_cmtpgn.js?t=20200115, line 7435: unreachable code after return statement
JavaScript warning: https://ticket.melon.com/resource/script/web/common/melonweb_cmtpgn.js?t=20200115, line 7566: unreachable code after return statement
1692244614985	Marionette	INFO	Stopped listening on port 58524
JavaScript warning: https://ticket.melon.com/resource/script/web/common/melonweb_cmtpgn.js?t=20200115, line 55: Script terminated by timeout at:
C@https://ticket.melon.com/resource/script/web/common/melonweb_cmtpgn.js?t=20200115:55:21

1692250705196	geckodriver	INFO	Listening on 127.0.0.1:50393
1692250705229	mozrunner::runner	INFO	Running command: MOZ_CRASHREPORTER="1" MOZ_CRASHREPORTER_NO_REPORT="1" MOZ_CRASHREPORTER_SHUTDOWN="1" MOZ_NO_REMOTE="1" "/App ... s" "localhost" "-foreground" "-no-remote" "-profile" "/var/folders/81/kll011gx2_n488rj8_jk9f2r0000gn/T/rust_mozprofileEDjhA7"
console.warn: services.settings: Ignoring preference override of remote settings server
console.warn: services.settings: Allow by setting MOZ_REMOTE_SETTINGS_DEVTOOLS=1 in the environment
1692250706043	Marionette	INFO	Marionette enabled
console.error: "Warning: unrecognized command line flag" "-remote-allow-hosts"
1692250706405	Marionette	INFO	Listening on port 50409
WebDriver BiDi listening on ws://127.0.0.1:50394
Read port: 50409
1692250706667	RemoteAgent	WARN	TLS certificate errors will be ignored for this session
UNSUPPORTED (log once): POSSIBLE ISSUE: unit 1 GLD_TEXTURE_INDEX_2D is unloadable and bound to sampler type (Float) - using zero texture because texture unloadable
DevTools listening on ws://127.0.0.1:50394/devtools/browser/c455200c-5dbb-418f-8b56-64136f3a10f7
JavaScript warning: https://ticket.melon.com/resource/script/web/common/melonweb_cmtpgn.js?t=20200115, line 5808: unreachable code after return statement
JavaScript warning: https://ticket.melon.com/resource/script/web/common/melonweb_cmtpgn.js?t=20200115, line 7435: unreachable code after return statement
JavaScript warning: https://ticket.melon.com/resource/script/web/common/melonweb_cmtpgn.js?t=20200115, line 7566: unreachable code after return statement
JavaScript error: https://ticket.melon.com/resource/script/web/common/jquery-3.6.0.min.js, line 2: SecurityError: Permission denied to access property "console" on cross-origin object
JavaScript warning: https://ticket.melon.com/resource/script/web/common/melonweb_cmtpgn.js?t=20200115, line 5808: unreachable code after return statement
JavaScript warning: https://ticket.melon.com/resource/script/web/common/melonweb_cmtpgn.js?t=20200115, line 7435: unreachable code after return statement
JavaScript warning: https://ticket.melon.com/resource/script/web/common/melonweb_cmtpgn.js?t=20200115, line 7566: unreachable code after return statement
Exiting due to channel error.
Exiting due to channel error.
Exiting due to channel error.
Exiting due to channel error.
1692250769853	geckodriver	INFO	Listening on 127.0.0.1:50727
1692250770367	mozrunner::runner	INFO	Running command: MOZ_CRASHREPORTER="1" MOZ_CRASHREPORTER_NO_REPORT="1" MOZ_CRASHREPORTER_SHUTDOWN="1" MOZ_NO_REMOTE="1" "/App ... s" "localhost" "-foreground" "-no-remote" "-profile" "/var/folders/81/kll011gx2_n488rj8_jk9f2r0000gn/T/rust_mozprofileXq4iiT"
console.warn: services.settings: Ignoring preference override of remote settings server
console.warn: services.settings: Allow by setting MOZ_REMOTE_SETTINGS_DEVTOOLS=1 in the environment
1692250771000	Marionette	INFO	Marionette enabled
console.error: "Warning: unrecognized command line flag" "-remote-allow-hosts"
1692250771211	Marionette	INFO	Listening on port 50749
WebDriver BiDi listening on ws://127.0.0.1:50728
Read port: 50749
1692250771432	RemoteAgent	WARN	TLS certificate errors will be ignored for this session
UNSUPPORTED (log once): POSSIBLE ISSUE: unit 1 GLD_TEXTURE_INDEX_2D is unloadable and bound to sampler type (Float) - using zero texture because texture unloadable
DevTools listening on ws://127.0.0.1:50728/devtools/browser/c3ff857e-921b-4d95-b7f6-43e2d533bf86
JavaScript warning: https://ticket.melon.com/resource/script/web/common/melonweb_cmtpgn.js?t=20200115, line 5808: unreachable code after return statement
JavaScript warning: https://ticket.melon.com/resource/script/web/common/melonweb_cmtpgn.js?t=20200115, line 7435: unreachable code after return statement
JavaScript warning: https://ticket.melon.com/resource/script/web/common/melonweb_cmtpgn.js?t=20200115, line 7566: unreachable code after return statement
JavaScript error: https://ticket.melon.com/resource/script/web/common/jquery-3.6.0.min.js, line 2: SecurityError: Permission denied to access property "console" on cross-origin object
JavaScript warning: https://ticket.melon.com/resource/script/web/common/melonweb_cmtpgn.js?t=20200115, line 5808: unreachable code after return statement
JavaScript warning: https://ticket.melon.com/resource/script/web/common/melonweb_cmtpgn.js?t=20200115, line 7435: unreachable code after return statement
JavaScript warning: https://ticket.melon.com/resource/script/web/common/melonweb_cmtpgn.js?t=20200115, line 7566: unreachable code after return statement
1692250784365	Marionette	INFO	Stopped listening on port 50749
JavaScript warning: https://ticket.melon.com/resource/script/web/common/melonweb_cmtpgn.js?t=20200115, line 55: Script terminated by timeout at:
C@https://ticket.melon.com/resource/script/web/common/melonweb_cmtpgn.js?t=20200115:55:21

